
******************************************************************************
This program contains Ipopt, a library for large-scale nonlinear optimization.
 Ipopt is released as open source code under the Eclipse Public License (EPL).
         For more information visit http://projects.coin-or.org/Ipopt
******************************************************************************

This is Ipopt version 3.12, running with linear solver ma57.

Number of nonzeros in equality constraint Jacobian...:        0
Number of nonzeros in inequality constraint Jacobian.:        0
Number of nonzeros in Lagrangian Hessian.............:        0

Total number of variables............................:    21855
                     variables with only lower bounds:        0
                variables with lower and upper bounds:    21855
                     variables with only upper bounds:        0
Total number of equality constraints.................:        0
Total number of inequality constraints...............:        0
        inequality constraints with only lower bounds:        0
   inequality constraints with lower and upper bounds:        0
        inequality constraints with only upper bounds:        0

iter    objective    inf_pr   inf_du lg(mu)  ||d||  lg(rg) alpha_du alpha_pr  ls
   0 7.9343326e+003 0.00e+000 2.60e-001   0.0 0.00e+000    -  0.00e+000 0.00e+000   0
   1 7.9336088e+003 0.00e+000 2.60e-001   1.0 2.60e-001    -  9.98e-001 1.00e+000f  1
   2 5.0804304e+003 0.00e+000 1.49e-001  -4.9 2.77e+003    -  2.97e-001 4.47e-001f  1
   3 4.7140431e+003 0.00e+000 7.39e-002   0.1 1.05e+003    -  7.72e-001 1.48e-001f  1
   4 3.9343008e+003 0.00e+000 4.13e-002  -0.3 8.88e+002    -  1.00e+000 4.41e-001f  1
   5 3.4547301e+003 0.00e+000 1.42e-002  -1.3 7.92e+002    -  8.28e-001 4.53e-001f  1
   6 2.9327978e+003 0.00e+000 1.19e-002  -1.4 1.27e+003    -  1.00e+000 3.70e-001f  1
   7 2.5296841e+003 0.00e+000 8.25e-003  -2.7 2.11e+003    -  5.30e-001 1.82e-001f  1
   8 1.9315146e+003 0.00e+000 2.00e-002  -2.4 2.49e+003    -  7.39e-001 1.88e-001f  1
   9 1.3577603e+003 0.00e+000 2.09e-002  -2.9 1.78e+003    -  1.00e+000 2.25e-001f  1
iter    objective    inf_pr   inf_du lg(mu)  ||d||  lg(rg) alpha_du alpha_pr  ls
  10 8.2386390e+002 0.00e+000 1.29e-002  -8.4 1.28e+003    -  5.39e-001 2.95e-001f  1
  11 4.8976830e+002 0.00e+000 7.97e-003  -2.7 9.59e+002    -  1.90e-001 2.84e-001f  1
  12 2.8067458e+002 0.00e+000 6.13e-003  -4.1 1.44e+003    -  5.60e-001 2.78e-001f  1
  13 1.2838054e+002 0.00e+000 4.17e-003  -4.1 1.32e+003    -  5.35e-001 3.63e-001f  1
  14 6.4651388e+001 0.00e+000 2.67e-003  -9.2 9.27e+002    -  4.93e-001 3.30e-001f  1
  15 2.5088750e+001 0.00e+000 1.12e-003  -2.8 5.59e+002    -  2.45e-002 4.71e-001f  1
  16 1.7364767e+001 0.00e+000 3.94e-004  -4.4 1.30e+003    -  2.11e-001 2.01e-001f  1
  17 8.6305518e+000 0.00e+000 4.75e-004  -9.5 3.34e+003    -  1.07e-001 3.43e-001f  1
  18 5.5327603e+000 0.00e+000 1.43e-004  -9.6 2.58e+003    -  3.41e-001 1.49e-001f  1
  19 3.9669787e+000 0.00e+000 1.66e-004  -4.9 1.60e+003    -  4.97e-001 2.35e-001f  1
iter    objective    inf_pr   inf_du lg(mu)  ||d||  lg(rg) alpha_du alpha_pr  ls
  20 3.9326725e+000 0.00e+000 1.28e-003  -4.4 8.55e+002    -  8.44e-001 7.25e-003f  1
  21 3.1830877e+000 0.00e+000 9.48e-004 -10.3 1.30e+003    -  2.27e-001 1.50e-001f  1
  22 1.6325435e+000 0.00e+000 1.96e-004 -10.4 2.59e+003    -  8.48e-002 1.88e-001f  1
  23 1.3302799e+000 0.00e+000 2.97e-004  -5.0 8.07e+002    -  4.47e-002 3.00e-001f  1
  24 1.3022440e+000 0.00e+000 2.73e-004 -10.5 1.42e+003    -  9.29e-002 1.31e-002f  1
  25 1.0201164e+000 0.00e+000 2.50e-004  -5.2 2.66e+003    -  3.25e-003 1.91e-001f  1
  26 1.0014636e+000 0.00e+000 2.66e-004 -10.5 1.55e+003    -  2.15e-001 1.65e-002f  1
  27 7.5727444e-001 0.00e+000 8.52e-005  -6.2 8.30e+002    -  2.85e-001 1.25e-001f  1
  28 7.0903302e-001 0.00e+000 4.47e-004 -10.8 1.47e+004    -  3.13e-003 6.11e-003f  1
  29 7.0835385e-001 0.00e+000 3.99e-004  -6.0 1.94e+003    -  3.97e-001 4.63e-004f  1
iter    objective    inf_pr   inf_du lg(mu)  ||d||  lg(rg) alpha_du alpha_pr  ls
  30 4.0410620e-001 0.00e+000 1.97e-004  -5.7 1.69e+003    -  6.59e-001 5.18e-001f  1
  31 3.9620245e-001 0.00e+000 1.87e-004 -11.0 1.74e+004    -  3.27e-002 1.03e-003f  1
  32 3.9474050e-001 0.00e+000 2.09e-004 -11.0 6.61e+002    -  1.84e-001 1.01e-003f  1
  33 3.9398290e-001 0.00e+000 2.06e-004 -11.0 8.76e+003    -  2.90e-002 3.40e-004f  1
  34 3.7717153e-001 0.00e+000 2.05e-004  -7.5 7.55e+003    -  7.52e-002 7.81e-003f  1
  35 3.7183239e-001 0.00e+000 1.36e-004  -7.3 1.51e+004    -  8.81e-002 5.37e-003f  3
  36 3.5511737e-001 0.00e+000 1.33e-004 -11.0 1.48e+003    -  4.15e-002 1.96e-002f  1
  37 3.6778471e-001 0.00e+000 1.16e-004  -3.5 1.36e+006    -  3.32e-004 1.79e-003f  1
  38 3.4459275e-001 0.00e+000 1.09e-004  -5.5 1.70e+003    -  5.99e-001 3.17e-002f  1
  39 3.0037002e-001 0.00e+000 1.26e-004  -4.9 1.18e+004    -  4.33e-002 4.11e-002f  2
iter    objective    inf_pr   inf_du lg(mu)  ||d||  lg(rg) alpha_du alpha_pr  ls
  40 2.4230219e-001 0.00e+000 9.15e-005  -4.8 1.35e+003    -  2.07e-001 9.10e-002f  1
  41 9.4941358e-002 0.00e+000 1.53e-004 -11.0 1.75e+003    -  8.59e-002 1.27e-001f  1
  42 8.8046743e-002 0.00e+000 2.60e-004  -6.3 1.35e+003    -  6.43e-001 8.50e-002f  1
  43 8.1236380e-002 0.00e+000 2.41e-004 -11.0 3.24e+003    -  3.88e-002 1.20e-002f  1
  44 6.8154690e-002 0.00e+000 2.38e-004  -5.1 1.31e+003    -  7.47e-002 7.18e-002f  1
  45 6.7094618e-002 0.00e+000 2.33e-004 -11.0 7.30e+003    -  3.85e-002 1.91e-003f  1
  46 6.3221571e-002 0.00e+000 2.30e-004  -6.2 2.62e+003    -  2.60e-001 2.78e-002f  1
  47 5.8793445e-002 0.00e+000 2.16e-004 -11.0 9.15e+003    -  4.69e-003 5.69e-003f  1
  48 5.2230817e-002 0.00e+000 2.23e-004 -11.0 3.97e+004    -  1.85e-003 4.71e-003f  1
  49 5.2385372e-002 0.00e+000 1.93e-004  -5.0 9.10e+004    -  4.03e-004 1.16e-004f  6
iter    objective    inf_pr   inf_du lg(mu)  ||d||  lg(rg) alpha_du alpha_pr  ls
  50 4.7093098e-002 0.00e+000 1.83e-004  -5.8 1.86e+003    -  1.77e-001 5.12e-002f  1
  51 5.5225477e-003 0.00e+000 1.77e-005  -7.8 1.27e+003    -  2.36e-001 8.90e-001f  1
  52 3.0807940e-003 0.00e+000 1.28e-005  -6.4 5.88e+003    -  1.06e-001 1.52e-002f  1
  53 2.5417362e-003 0.00e+000 2.72e-005  -7.9 1.76e+002    -  5.45e-001 2.46e-001f  2
  54 2.0932109e-003 0.00e+000 1.21e-005  -6.3 5.75e+003    -  1.37e-001 1.59e-002f  1
  55 1.7133336e-003 0.00e+000 7.19e-006  -8.3 7.14e+003    -  3.13e-002 5.48e-003f  1
  56 1.6130080e-003 0.00e+000 9.63e-005  -8.3 1.31e+003    -  2.17e-001 4.34e-002f  4
  57 1.6194503e-003 0.00e+000 9.64e-005  -4.3 2.86e+005    -  5.02e-004 1.25e-005f  2
  58 1.4056083e-003 0.00e+000 4.71e-005  -6.4 1.88e+003    -  7.29e-001 2.50e-001f  3
  59 3.5366674e-004 0.00e+000 3.23e-005  -6.6 2.62e+002    -  9.29e-001 4.90e-001f  1
iter    objective    inf_pr   inf_du lg(mu)  ||d||  lg(rg) alpha_du alpha_pr  ls
  60 2.4771039e-004 0.00e+000 2.46e-005  -7.0 2.69e+002    -  6.47e-001 2.11e-001f  1
  61 6.6868259e-005 0.00e+000 1.33e-005 -11.0 1.02e+002    -  3.16e-001 4.00e-001f  1
  62 5.9102393e-005 0.00e+000 1.08e-005 -11.0 3.18e+002    -  3.73e-001 2.45e-001f  1
  63 5.3049354e-005 0.00e+000 9.12e-007  -7.1 3.34e+002    -  5.03e-001 5.66e-002f  4
  64 1.8449134e-005 0.00e+000 3.05e-006 -11.0 9.85e+002    -  1.81e-001 2.64e-001f  1
  65 5.2898458e-005 0.00e+000 5.52e-006  -5.2 1.28e+007    -  2.44e-005 1.91e-005f  2
  66 5.2751595e-006 0.00e+000 3.14e-006  -7.3 1.82e+002    -  6.53e-001 1.00e+000f  1
  67 3.1304050e-006 0.00e+000 4.33e-007  -7.4 4.20e+002    -  3.51e-001 1.00e+000f  1
  68 2.7465057e-006 0.00e+000 1.04e-006  -7.8 5.66e+002    -  3.32e-001 1.25e-001f  4
  69 2.9405952e-007 0.00e+000 1.31e-006  -7.8 6.35e+002    -  5.36e-001 3.37e-001f  1
iter    objective    inf_pr   inf_du lg(mu)  ||d||  lg(rg) alpha_du alpha_pr  ls
  70 3.2336678e-007 0.00e+000 3.99e-007  -8.0 3.64e+002    -  5.59e-001 6.88e-003f  5
  71 2.5375684e-007 0.00e+000 1.60e-007  -7.9 3.59e+001    -  5.66e-001 2.50e-001f  3
  72 5.2061449e-008 0.00e+000 5.81e-008  -8.5 2.51e+002    -  9.99e-001 2.07e-001f  2
  73 4.8040246e-008 0.00e+000 3.52e-007 -11.0 1.03e+002    -  5.03e-001 9.27e-002f  3
  74 1.2813775e-008 0.00e+000 2.53e-007  -9.2 4.45e+002    -  2.30e-001 2.44e-001f  3
  75 1.2042414e-008 0.00e+000 3.33e-007 -11.0 4.33e+001    -  6.52e-001 4.25e-002f  5
  76 7.4224237e-009 0.00e+000 2.51e-008 -11.0 7.17e+001    -  3.26e-001 1.84e-001f  1
  77 5.6660290e-010 0.00e+000 1.06e-008 -10.7 1.07e+002    -  9.81e-001 7.10e-001f  1
  78 1.5376337e-009 0.00e+000 2.51e-008  -9.7 8.10e+002    -  5.44e-001 2.19e-002f  6
  79 1.1126974e-010 0.00e+000 2.99e-008 -10.0 6.96e+001    -  1.00e+000 1.00e+000f  1
iter    objective    inf_pr   inf_du lg(mu)  ||d||  lg(rg) alpha_du alpha_pr  ls
  80 7.1286077e-011 0.00e+000 7.21e-009 -11.0 2.05e+002    -  2.33e-001 1.56e-002f  7

Number of Iterations....: 80

                                   (scaled)                 (unscaled)
Objective...............:  7.1286076959499167e-011   7.1286076959499167e-011
Dual infeasibility......:  7.2091239610155229e-009   7.2091239610155229e-009
Constraint violation....:  0.0000000000000000e+000   0.0000000000000000e+000
Complementarity.........:  9.3657718196885727e-011   9.3657718196885727e-011
Overall NLP error.......:  7.2091239610155229e-009   7.2091239610155229e-009


Number of objective function evaluations             = 201
Number of objective gradient evaluations             = 81
Number of equality constraint evaluations            = 0
Number of inequality constraint evaluations          = 0
Number of equality constraint Jacobian evaluations   = 0
Number of inequality constraint Jacobian evaluations = 0
Number of Lagrangian Hessian evaluations             = 0
Total CPU secs in IPOPT (w/o function evaluations)   =      4.688
Total CPU secs in NLP function evaluations           =      9.102

EXIT: Optimal Solution Found.
