This is Ipopt version 3.12, running with linear solver ma57.

Number of nonzeros in equality constraint Jacobian...:        0
Number of nonzeros in inequality constraint Jacobian.:        0
Number of nonzeros in Lagrangian Hessian.............:        0

Total number of variables............................:     6497
                     variables with only lower bounds:        0
                variables with lower and upper bounds:     6497
                     variables with only upper bounds:        0
Total number of equality constraints.................:        0
Total number of inequality constraints...............:        0
        inequality constraints with only lower bounds:        0
   inequality constraints with lower and upper bounds:        0
        inequality constraints with only upper bounds:        0

iter    objective    inf_pr   inf_du lg(mu)  ||d||  lg(rg) alpha_du alpha_pr  ls
   0 7.5629682e+002 0.00e+000 9.15e-001   0.0 0.00e+000    -  0.00e+000 0.00e+000   0
   1 7.5524944e+002 0.00e+000 9.12e-001  -2.9 9.14e-001    -  9.89e-001 1.00e+000f  1
   2 4.6855303e+002 0.00e+000 4.34e-002  -4.9 4.71e+002    -  7.19e-001 1.00e+000f  1
   3 4.6268242e+002 0.00e+000 4.71e-002  -1.1 2.87e+001    -  9.97e-001 1.00e+000f  1
   4 2.7507395e+002 0.00e+000 2.27e-001  -3.1 1.61e+003    -  4.61e-001 6.55e-001f  1
   5 2.7102613e+002 0.00e+000 2.25e-001  -1.8 1.76e+003    -  9.72e-001 1.05e-002f  1
   6 1.9587907e+002 0.00e+000 1.86e-001  -7.8 1.97e+003    -  4.58e-001 1.76e-001f  1
   7 1.5824374e+002 0.00e+000 1.62e-001  -3.2 1.74e+003    -  8.48e-001 1.26e-001f  1
   8 1.1658431e+002 0.00e+000 1.34e-001  -8.7 1.51e+003    -  5.54e-001 1.70e-001f  1
   9 8.4390743e+001 0.00e+000 8.82e-002  -9.0 1.22e+003    -  6.11e-001 1.97e-001f  1
iter    objective    inf_pr   inf_du lg(mu)  ||d||  lg(rg) alpha_du alpha_pr  ls
  10 7.0822907e+001 0.00e+000 1.31e-001  -9.4 1.55e+003    -  5.60e-001 1.08e-001f  1
  11 5.2432176e+001 0.00e+000 7.30e-002  -9.6 2.58e+003    -  4.50e-001 8.24e-002f  1
  12 4.4926879e+001 0.00e+000 6.44e-002  -3.5 1.02e+003    -  1.00e+000 1.11e-001f  1
  13 3.1984602e+001 0.00e+000 4.90e-002  -3.8 1.12e+003    -  8.79e-001 1.89e-001f  1
  14 2.1183542e+001 0.00e+000 3.69e-002  -5.1 1.15e+003    -  7.76e-001 2.29e-001f  1
  15 1.8167869e+001 0.00e+000 3.28e-002 -10.1 1.01e+003    -  6.88e-001 9.64e-002f  1
  16 1.4197047e+001 0.00e+000 2.63e-002  -4.7 1.01e+003    -  1.00e+000 1.49e-001f  1
  17 1.0906847e+001 0.00e+000 3.17e-002  -5.0 1.13e+003    -  9.75e-001 1.53e-001f  1
  18 9.6574126e+000 0.00e+000 7.19e-003 -10.4 1.03e+004    -  3.86e-002 1.34e-002f  1
  19 9.5648921e+000 0.00e+000 1.03e-002  -5.3 4.31e+002    -  1.00e+000 1.02e-002f  1
iter    objective    inf_pr   inf_du lg(mu)  ||d||  lg(rg) alpha_du alpha_pr  ls
  20 7.3729695e+000 0.00e+000 7.98e-003  -3.6 1.19e+003    -  1.00e+000 1.64e-001f  1
  21 4.9006708e+000 0.00e+000 7.84e-003  -9.6 1.94e+003    -  4.65e-001 2.03e-001f  1
  22 4.4690200e+000 0.00e+000 4.30e-003  -2.9 1.95e+003    -  3.20e-001 3.24e-002f  1
  23 3.1242106e+000 0.00e+000 4.05e-003  -3.6 1.01e+003    -  2.61e-001 2.01e-001f  1
  24 2.3944453e+000 0.00e+000 2.50e-003  -4.3 1.18e+003    -  6.45e-001 1.50e-001f  1
  25 2.3485978e+000 0.00e+000 3.31e-003  -4.1 1.34e+003    -  3.59e-002 9.28e-003f  1
  26 2.1343365e+000 0.00e+000 3.31e-003  -2.7 4.09e+003    -  5.57e-002 1.27e-002f  1
  27 1.8861372e+000 0.00e+000 1.71e-003  -9.5 1.96e+003    -  2.70e-002 3.18e-002f  1
  28 1.8755216e+000 0.00e+000 2.12e-003  -9.6 1.22e+003    -  1.73e-001 2.42e-003f  1
  29 1.3000328e+000 0.00e+000 1.25e-003  -9.6 2.02e+003    -  5.16e-003 1.36e-001f  1
iter    objective    inf_pr   inf_du lg(mu)  ||d||  lg(rg) alpha_du alpha_pr  ls
  30 1.2518208e+000 0.00e+000 1.18e-003  -9.6 3.17e+003    -  1.68e-001 7.63e-003f  1
  31 9.4774702e-001 0.00e+000 1.29e-003  -4.6 8.04e+002    -  3.79e-001 1.29e-001f  1
  32 9.3319520e-001 0.00e+000 9.84e-004  -9.9 2.52e+003    -  4.68e-002 3.67e-003f  1
  33 8.7165295e-001 0.00e+000 3.57e-003  -4.6 1.48e+003    -  3.40e-001 2.15e-002f  1
  34 7.0965423e-001 0.00e+000 2.16e-003 -10.0 1.56e+003    -  1.11e-002 5.27e-002f  1
  35 5.3795855e-001 0.00e+000 1.97e-003  -4.5 7.59e+002    -  3.53e-001 1.56e-001f  1
  36 2.7320504e-001 0.00e+000 6.17e-004  -5.7 1.00e+003    -  1.58e-001 3.34e-001f  1
  37 2.5504481e-001 0.00e+000 8.08e-004  -4.6 1.25e+003    -  1.91e-001 2.14e-002f  1
  38 2.5105523e-001 0.00e+000 6.88e-004  -6.4 6.08e+002    -  8.97e-002 8.23e-003f  1
  39 2.3952386e-001 0.00e+000 6.95e-004  -5.9 1.23e+003    -  5.62e-002 1.89e-002f  1
iter    objective    inf_pr   inf_du lg(mu)  ||d||  lg(rg) alpha_du alpha_pr  ls
  40 2.2973757e-001 0.00e+000 4.07e-003  -6.4 7.97e+002    -  1.88e-001 1.99e-002f  1
  41 2.4041369e-001 0.00e+000 4.88e-003  -2.4 3.95e+004    -  5.19e-003 3.76e-004f  1
  42 1.8454103e-001 0.00e+000 3.90e-003  -4.3 7.01e+002    -  1.42e-001 1.57e-001f  1
  43 1.8084655e-001 0.00e+000 3.94e-003 -10.3 5.51e+002    -  9.24e-002 1.22e-002f  1
  44 1.5593832e-001 0.00e+000 3.22e-003  -6.4 1.44e+003    -  1.05e-001 3.69e-002f  1
  45 1.2837229e-001 0.00e+000 2.37e-003  -4.4 1.27e+003    -  7.43e-002 1.18e-001f  1
  46 9.9372247e-002 0.00e+000 1.67e-003 -10.3 6.15e+002    -  1.56e-001 1.20e-001f  1
  47 9.8021175e-002 0.00e+000 2.84e-004 -10.4 2.08e+003    -  3.21e-002 4.36e-003f  2
  48 9.7625818e-002 0.00e+000 2.07e-004  -6.0 2.27e+002    -  5.83e-001 4.23e-003f  1
  49 8.5254204e-002 0.00e+000 6.69e-004 -10.8 1.40e+003    -  6.61e-003 2.89e-002f  1
iter    objective    inf_pr   inf_du lg(mu)  ||d||  lg(rg) alpha_du alpha_pr  ls
  50 6.2059553e-002 0.00e+000 1.74e-004  -4.9 1.37e+003    -  2.47e-001 1.34e-001f  1
  51 5.5966912e-002 0.00e+000 1.31e-003 -10.8 1.19e+003    -  1.24e-001 3.50e-002f  1
  52 5.5543035e-002 0.00e+000 1.30e-003  -6.8 1.51e+002    -  4.44e-001 9.64e-003f  1
  53 5.3645668e-002 0.00e+000 1.85e-003  -4.9 9.03e+002    -  4.06e-001 5.64e-002f  2
  54 5.2627861e-002 0.00e+000 3.75e-003  -4.6 2.82e+002    -  1.99e-001 4.87e-002f  4
  55 4.2731286e-002 0.00e+000 1.43e-004  -4.6 1.13e+003    -  4.42e-002 6.76e-002f  1
  56 3.7824368e-002 0.00e+000 1.22e-004 -10.9 3.79e+002    -  5.35e-002 6.25e-002f  1
  57 3.4661210e-002 0.00e+000 1.08e-004  -7.0 2.37e+002    -  2.70e-001 1.28e-001f  1
  58 3.3625386e-002 0.00e+000 6.46e-004  -5.8 2.32e+003    -  8.12e-002 9.65e-002f  1
  59 3.2172501e-002 0.00e+000 4.94e-004 -11.0 2.53e+002    -  5.53e-002 6.88e-002f  1
iter    objective    inf_pr   inf_du lg(mu)  ||d||  lg(rg) alpha_du alpha_pr  ls
  60 3.0011715e-002 0.00e+000 6.38e-005  -5.2 3.02e+002    -  2.67e-001 1.14e-001f  1
  61 2.9461035e-002 0.00e+000 1.87e-003  -5.4 5.25e+002    -  1.28e-001 4.35e-002f  3
  62 2.6589133e-002 0.00e+000 2.06e-004  -4.6 2.44e+003    -  1.76e-002 2.92e-002f  1
  63 2.3297927e-002 0.00e+000 1.47e-004 -11.0 3.98e+002    -  6.61e-002 1.09e-001f  1
  64 2.1621932e-002 0.00e+000 2.61e-004  -5.4 6.10e+002    -  1.17e-001 3.67e-002f  1
  65 2.0087401e-002 0.00e+000 6.11e-005 -11.0 1.23e+003    -  3.35e-002 1.63e-002f  1
  66 1.8108390e-002 0.00e+000 5.64e-004  -7.3 1.10e+003    -  6.39e-002 4.52e-002f  1
  67 1.7383836e-002 0.00e+000 1.46e-004  -5.3 3.79e+003    -  6.66e-002 1.06e-002f  1
  68 1.6743170e-002 0.00e+000 1.36e-003  -5.3 1.18e+003    -  9.54e-002 2.77e-002f  2
  69 1.6321502e-002 0.00e+000 5.58e-004  -5.0 3.62e+003    -  9.56e-002 7.66e-003f  2
iter    objective    inf_pr   inf_du lg(mu)  ||d||  lg(rg) alpha_du alpha_pr  ls
  70 1.6273760e-002 0.00e+000 5.55e-004  -6.7 3.73e+002    -  3.53e-001 1.95e-003f  1
  71 1.5703435e-002 0.00e+000 5.38e-004 -11.0 5.32e+002    -  6.78e-002 1.35e-002f  1
  72 1.5188352e-002 0.00e+000 6.87e-005 -11.0 1.42e+003    -  2.16e-002 1.62e-002f  1
  73 1.3522385e-002 0.00e+000 6.03e-005  -7.5 1.28e+002    -  1.65e-001 1.23e-001f  1
  74 1.3410430e-002 0.00e+000 5.60e-005  -6.3 1.36e+003    -  1.71e-001 2.12e-003f  1
  75 1.3259015e-002 0.00e+000 1.28e-003 -11.0 3.10e+003    -  4.11e-002 1.07e-002f  1
  76 2.6300590e-002 0.00e+000 4.70e-003  -3.6 7.07e+004    -  3.47e-003 1.02e-003f  2
  77 1.8217353e-002 0.00e+000 3.56e-003  -5.5 2.55e+002    -  1.06e-001 2.56e-001f  1
  78 1.7133958e-002 0.00e+000 3.39e-003  -5.5 2.79e+003    -  1.79e-002 2.96e-003f  1
  79 1.3267044e-002 0.00e+000 2.16e-003  -5.5 3.06e+002    -  4.62e-002 9.01e-002f  1
iter    objective    inf_pr   inf_du lg(mu)  ||d||  lg(rg) alpha_du alpha_pr  ls
  80 1.2368504e-002 0.00e+000 2.19e-003  -5.5 1.21e+003    -  5.50e-002 1.67e-002f  1
  81 9.0098832e-003 0.00e+000 9.05e-004  -4.7 3.46e+002    -  2.75e-001 2.24e-001f  1
  82 7.2145597e-003 0.00e+000 2.17e-004  -5.1 8.14e+002    -  1.46e-001 4.57e-002f  1
  83 7.1883760e-003 0.00e+000 8.70e-004 -11.0 1.11e+003    -  4.40e-002 1.86e-002f  3
  84 7.0872151e-003 0.00e+000 8.06e-004  -5.2 5.10e+002    -  1.33e-001 4.76e-002f  3
  85 6.7316243e-003 0.00e+000 5.97e-004  -5.2 3.85e+002    -  4.21e-001 1.24e-001f  2
  86 6.4639914e-003 0.00e+000 7.54e-004  -5.3 5.50e+002    -  1.22e-001 3.60e-002f  3
  87 6.2707161e-003 0.00e+000 1.05e-004  -5.8 2.31e+002    -  2.00e-001 1.19e-001f  2
  88 6.2079346e-003 0.00e+000 3.16e-004 -11.0 7.90e+002    -  1.49e-001 1.14e-002f  3
  89 5.8845929e-003 0.00e+000 5.75e-004  -7.4 1.82e+002    -  9.42e-002 1.59e-001f  2
iter    objective    inf_pr   inf_du lg(mu)  ||d||  lg(rg) alpha_du alpha_pr  ls
  90 5.8663834e-003 0.00e+000 4.37e-004  -5.9 9.20e+002    -  1.12e-001 3.97e-002f  1
  91 5.3831924e-003 0.00e+000 4.09e-004  -5.9 3.51e+003    -  2.59e-002 1.25e-002f  1
  92 5.2934574e-003 0.00e+000 3.02e-004  -5.9 2.26e+003    -  1.12e-001 2.12e-002f  2
  93 5.1579742e-003 0.00e+000 5.01e-004 -11.0 9.44e+002    -  2.08e-002 4.85e-002f  2
  94 5.1438695e-003 0.00e+000 7.43e-004  -6.0 2.25e+003    -  1.39e-001 1.49e-002f  1
  95 4.8560997e-003 0.00e+000 3.85e-004 -11.0 1.25e+003    -  1.18e-001 2.23e-002f  1
  96 4.4500735e-003 0.00e+000 7.00e-004  -6.3 8.98e+002    -  3.09e-002 1.17e-002f  3
  97 4.3822990e-003 0.00e+000 2.48e-004 -11.0 2.33e+003    -  2.98e-002 5.47e-003f  1
  98 4.1219025e-003 0.00e+000 2.68e-004  -5.9 9.28e+002    -  6.71e-002 1.18e-002f  1
  99 3.9343887e-003 0.00e+000 2.73e-004  -6.1 5.44e+002    -  5.22e-002 2.31e-002f  2
iter    objective    inf_pr   inf_du lg(mu)  ||d||  lg(rg) alpha_du alpha_pr  ls
 100 3.8749701e-003 0.00e+000 1.58e-004 -11.0 4.22e+002    -  2.48e-002 3.06e-002f  2
 101 3.8729127e-003 0.00e+000 4.25e-005  -7.5 1.16e+003    -  1.98e-002 1.94e-002f  4
 102 3.8507542e-003 0.00e+000 2.65e-004  -6.6 4.33e+003    -  4.93e-002 3.56e-003f  4
 103 3.8448690e-003 0.00e+000 3.20e-004  -6.3 6.05e+002    -  7.55e-002 2.77e-003f  5
 104 3.8384917e-003 0.00e+000 2.07e-004  -6.2 2.69e+003    -  1.49e-001 1.20e-003f  7
 105 3.6055112e-003 0.00e+000 2.32e-005  -5.8 1.01e+002    -  3.07e-001 2.56e-001f  1
 106 3.4714664e-003 0.00e+000 3.96e-005  -7.8 4.11e+002    -  1.66e-001 8.19e-002f  2
 107 3.4554939e-003 0.00e+000 8.37e-005 -11.0 1.71e+003    -  3.11e-002 5.89e-003f  4
 108 3.4320861e-003 0.00e+000 1.31e-004 -11.0 1.82e+003    -  1.49e-001 6.09e-003f  3
 109 4.3313634e-003 0.00e+000 8.87e-004  -3.9 1.31e+004    -  6.07e-002 4.20e-003f  1
iter    objective    inf_pr   inf_du lg(mu)  ||d||  lg(rg) alpha_du alpha_pr  ls
 110 4.3201476e-003 0.00e+000 7.85e-004  -5.1 4.10e+002    -  6.95e-001 1.01e-001f  4
 111 4.2612582e-003 0.00e+000 1.26e-004  -5.1 1.38e+003    -  8.27e-002 3.02e-002f  4
 112 4.2049552e-003 0.00e+000 6.35e-004  -5.1 1.67e+003    -  2.23e-001 1.69e-002f  3
 113 3.9935754e-003 0.00e+000 3.62e-004  -5.1 5.29e+002    -  1.21e-001 2.82e-002f  2
 114 3.6750145e-003 0.00e+000 1.60e-004  -5.1 2.37e+002    -  2.92e-001 8.95e-002f  1
 115 3.8122348e-003 0.00e+000 1.18e-004  -5.1 1.24e+002    -  1.22e-001 1.50e-001f  3
 116 3.7847251e-003 0.00e+000 4.08e-004  -5.1 1.20e+003    -  1.15e-001 3.05e-002f  2
 117 3.6986497e-003 0.00e+000 2.78e-004  -5.1 2.20e+003    -  5.64e-002 7.16e-003f  2
 118 3.6564695e-003 0.00e+000 2.22e-005  -5.1 1.63e+003    -  1.67e-001 9.12e-003f  4
 119 3.6177200e-003 0.00e+000 3.07e-004  -7.7 1.09e+003    -  9.99e-002 1.12e-002f  4
iter    objective    inf_pr   inf_du lg(mu)  ||d||  lg(rg) alpha_du alpha_pr  ls
 120 3.5416903e-003 0.00e+000 1.62e-004  -7.7 2.90e+002    -  2.11e-001 1.50e-002f  1
 121 3.3238819e-003 0.00e+000 2.51e-004  -7.7 9.55e+001    -  2.23e-001 1.93e-001f  2
 122 3.2423797e-003 0.00e+000 2.01e-004 -11.0 5.45e+002    -  1.13e-001 6.54e-002f  1
 123 3.2257499e-003 0.00e+000 1.91e-004  -7.5 4.98e+002    -  7.75e-002 1.45e-002f  5
 124 3.1915874e-003 0.00e+000 1.22e-004  -6.3 4.43e+002    -  2.08e-001 2.60e-002f  2
 125 3.1844962e-003 0.00e+000 1.52e-005  -6.6 5.81e+002    -  1.88e-001 1.07e-002f  6
 126 3.1730561e-003 0.00e+000 1.53e-004  -6.1 3.29e+003    -  6.85e-002 1.89e-003f  6
 127 3.1169999e-003 0.00e+000 5.14e-005  -5.9 1.17e+002    -  4.91e-001 7.44e-002f  3
 128 3.0800612e-003 0.00e+000 1.81e-004 -11.0 5.65e+002    -  4.52e-002 9.00e-003f  4
 129 3.0015920e-003 0.00e+000 1.27e-004 -11.0 1.88e+002    -  8.49e-002 9.33e-002f  4
iter    objective    inf_pr   inf_du lg(mu)  ||d||  lg(rg) alpha_du alpha_pr  ls
 130 2.9847883e-003 0.00e+000 1.02e-004 -11.0 2.64e+003    -  5.32e-002 2.11e-003f  4
 131 2.9781153e-003 0.00e+000 6.80e-005  -7.9 5.80e+002    -  1.91e-001 7.94e-003f  3
 132 2.9719049e-003 0.00e+000 1.17e-005  -6.6 5.42e+002    -  3.28e-001 5.98e-003f  4
 133 2.9671001e-003 0.00e+000 9.05e-005  -7.2 2.41e+003    -  8.18e-002 1.17e-003f  4
 134 2.9588451e-003 0.00e+000 4.34e-005 -11.0 1.94e+002    -  1.82e-001 1.74e-002f  4
 135 2.9419877e-003 0.00e+000 1.01e-004 -11.0 1.35e+003    -  2.23e-002 1.47e-003f  4
 136 2.9260692e-003 0.00e+000 7.91e-005  -7.7 2.27e+002    -  3.42e-001 3.06e-002f  3
 137 2.9153823e-003 0.00e+000 1.82e-005  -6.8 3.21e+003    -  1.98e-002 7.71e-004f  7
 138 2.9134088e-003 0.00e+000 5.36e-006 -11.0 4.48e+002    -  1.01e-001 4.50e-003f  5
 139 2.9116952e-003 0.00e+000 4.60e-005  -8.5 2.22e+002    -  2.67e-001 9.02e-003f  4
iter    objective    inf_pr   inf_du lg(mu)  ||d||  lg(rg) alpha_du alpha_pr  ls
 140 2.9091279e-003 0.00e+000 3.16e-005  -6.1 4.34e+003    -  6.27e-002 4.86e-004f  4
 141 2.9081039e-003 0.00e+000 3.22e-006  -6.5 3.24e+002    -  1.22e-001 6.27e-003f  5
 142 2.9072906e-003 0.00e+000 2.49e-005 -11.0 1.79e+002    -  1.06e-001 4.27e-003f  6
 143 2.9043260e-003 0.00e+000 1.14e-005 -11.0 7.78e+001    -  1.67e-001 7.02e-002f  3
 144 2.9038105e-003 0.00e+000 2.67e-005  -8.7 7.77e+002    -  1.61e-001 6.22e-004f  7
 145 2.9008001e-003 0.00e+000 8.59e-006  -7.4 4.08e+002    -  1.80e-001 4.20e-003f  4
 146 2.8987673e-003 0.00e+000 3.95e-005 -11.0 4.00e+002    -  8.54e-002 3.95e-003f  4
 147 2.8966942e-003 0.00e+000 2.85e-005  -8.9 4.61e+003    -  3.28e-002 2.94e-004f  4
 148 2.8952473e-003 0.00e+000 9.34e-006 -11.0 5.44e+002    -  5.19e-002 2.52e-003f  5
 149 2.8940401e-003 0.00e+000 2.79e-005 -11.0 3.90e+002    -  8.36e-002 1.57e-003f  6
iter    objective    inf_pr   inf_du lg(mu)  ||d||  lg(rg) alpha_du alpha_pr  ls
 150 2.8799888e-003 0.00e+000 6.82e-006 -11.0 3.53e+002    -  9.81e-002 1.41e-002f  2
 151 2.8542865e-003 0.00e+000 4.26e-006  -9.0 3.41e+001    -  5.91e-001 5.18e-002f  1
 152 2.8528343e-003 0.00e+000 3.66e-005  -8.3 1.24e+003    -  1.86e-001 4.18e-004f  6
 153 2.8395117e-003 0.00e+000 1.15e-004  -7.5 2.16e+001    -  6.35e-001 1.41e-001f  2
 154 2.8277451e-003 0.00e+000 1.27e-005  -5.7 7.43e+002    -  1.75e-001 3.18e-003f  2
 155 2.8067075e-003 0.00e+000 5.21e-005  -8.5 3.60e+002    -  5.52e-002 1.61e-002f  3
 156 2.7973153e-003 0.00e+000 4.30e-005  -6.8 2.68e+002    -  1.44e-001 2.28e-002f  2
 157 2.7505718e-003 0.00e+000 1.95e-005  -6.2 1.22e+002    -  9.51e-002 6.12e-002f  2
 158 2.7067106e-003 0.00e+000 7.14e-006  -8.5 2.04e+002    -  1.20e-001 3.17e-002f  1
 159 2.7057059e-003 0.00e+000 6.23e-005 -11.0 3.36e+002    -  1.26e-001 4.50e-003f  6
iter    objective    inf_pr   inf_du lg(mu)  ||d||  lg(rg) alpha_du alpha_pr  ls
 160 2.6936410e-003 0.00e+000 4.53e-005 -11.0 5.84e+001    -  1.50e-001 7.12e-002f  3
 161 2.6928668e-003 0.00e+000 1.75e-005  -8.7 3.00e+002    -  1.23e-001 1.70e-003f  7
 162 2.6898749e-003 0.00e+000 1.79e-005 -11.0 6.16e+001    -  1.55e-001 4.21e-002f  4
 163 2.6890072e-003 0.00e+000 6.05e-005  -7.8 1.02e+003    -  2.29e-002 4.13e-003f  4
 164 2.6903734e-003 0.00e+000 1.68e-005  -6.0 1.92e+002    -  1.02e-001 2.32e-002f  3
 165 2.6773799e-003 0.00e+000 1.98e-005  -6.7 4.64e+002    -  1.14e-002 3.90e-002f  3
 166 2.6760924e-003 0.00e+000 1.21e-005  -6.6 2.14e+003    -  2.97e-002 3.73e-004f  7
 167 2.6754976e-003 0.00e+000 4.11e-005 -11.0 8.08e+002    -  3.59e-002 2.04e-003f  5
 168 2.6751969e-003 0.00e+000 1.10e-005 -11.0 5.02e+002    -  1.16e-001 5.61e-004f  7
 169 2.6746331e-003 0.00e+000 4.10e-005  -7.0 2.70e+002    -  1.65e-001 9.01e-003f  5
iter    objective    inf_pr   inf_du lg(mu)  ||d||  lg(rg) alpha_du alpha_pr  ls
 170 2.6660526e-003 0.00e+000 6.35e-006  -6.2 1.57e+003    -  3.66e-002 1.44e-003f  4
 171 2.6577622e-003 0.00e+000 2.81e-005 -11.0 2.56e+002    -  7.04e-002 1.06e-002f  3
 172 2.6502679e-003 0.00e+000 2.61e-005  -6.7 1.06e+002    -  4.55e-001 1.72e-002f  3
 173 2.6498074e-003 0.00e+000 4.25e-005  -7.4 1.96e+002    -  1.38e-001 2.02e-003f  8
 174 2.6482502e-003 0.00e+000 9.11e-006  -8.8 4.22e+002    -  6.27e-002 3.64e-003f  5
 175 2.6480813e-003 0.00e+000 1.60e-005  -8.8 2.64e+002    -  1.83e-001 8.80e-004f  8
 176 2.6470851e-003 0.00e+000 2.70e-005  -8.2 3.03e+002    -  1.01e-001 1.07e-002f  4
 177 2.6458267e-003 0.00e+000 5.92e-006  -7.1 1.51e+002    -  1.61e-001 8.18e-003f  6
 178 2.6402109e-003 0.00e+000 2.48e-005 -11.0 3.08e+002    -  1.95e-002 5.15e-003f  5
 179 2.6360610e-003 0.00e+000 2.22e-005  -6.6 6.85e+001    -  4.15e-001 2.64e-002f  6
iter    objective    inf_pr   inf_du lg(mu)  ||d||  lg(rg) alpha_du alpha_pr  ls
 180 2.6303099e-003 0.00e+000 7.71e-005  -7.7 6.56e+000    -  4.58e-001 1.43e-001f  3
 181 2.6243642e-003 0.00e+000 7.25e-006  -6.1 2.18e+002    -  1.44e-001 5.07e-003f  3
 182 2.6233958e-003 0.00e+000 5.58e-005 -11.0 5.59e+001    -  3.00e-001 9.70e-003f  6
 183 2.6227974e-003 0.00e+000 3.71e-005 -11.0 2.45e+002    -  1.45e-001 2.33e-002f  3
 184 2.6192874e-003 0.00e+000 1.02e-005  -6.9 8.01e+001    -  9.14e-001 3.83e-002f  2
 185 2.5941098e-003 0.00e+000 1.69e-005 -11.0 2.74e+002    -  1.36e-001 2.34e-002f  1
 186 2.5718831e-003 0.00e+000 2.35e-005 -11.0 5.69e+002    -  5.45e-002 2.23e-002f  2
 187 2.5343872e-003 0.00e+000 1.50e-004 -11.0 5.41e+002    -  6.95e-002 2.32e-002f  2
 188 2.5188658e-003 0.00e+000 3.05e-005  -8.9 1.28e+003    -  3.44e-002 5.15e-003f  2
 189 2.5096566e-003 0.00e+000 1.60e-004  -7.3 7.34e+002    -  8.21e-002 5.44e-003f  5
iter    objective    inf_pr   inf_du lg(mu)  ||d||  lg(rg) alpha_du alpha_pr  ls
 190 2.4696480e-003 0.00e+000 2.25e-005  -5.1 1.32e+003    -  4.25e-002 5.60e-003f  2
 191 2.4173636e-003 0.00e+000 1.30e-004 -11.0 1.36e+002    -  1.57e-001 1.17e-001f  2
 192 2.3768444e-003 0.00e+000 8.53e-005  -5.9 1.60e+003    -  3.19e-002 3.84e-003f  1
 193 2.3422116e-003 0.00e+000 9.46e-005  -6.4 1.32e+002    -  5.84e-002 1.26e-002f  3
 194 2.3332367e-003 0.00e+000 4.61e-005 -11.0 2.72e+002    -  1.01e-001 7.82e-003f  1
 195 2.3261249e-003 0.00e+000 1.53e-004 -11.0 1.34e+002    -  7.87e-002 1.46e-002f  4
 196 2.3288392e-003 0.00e+000 4.49e-005  -6.1 8.85e+002    -  6.23e-002 2.31e-003f  3
 197 2.3261214e-003 0.00e+000 6.55e-006  -6.6 2.26e+002    -  2.41e-001 7.01e-003f  4
 198 2.3244005e-003 0.00e+000 8.59e-005 -11.0 4.69e+002    -  5.47e-002 1.46e-002f  3
 199 2.3200840e-003 0.00e+000 1.32e-004 -11.0 7.79e+002    -  2.09e-002 8.66e-003f  5
iter    objective    inf_pr   inf_du lg(mu)  ||d||  lg(rg) alpha_du alpha_pr  ls
 200 3.2254451e-003 0.00e+000 1.73e-004  -4.5 9.84e+002    -  1.76e-001 5.48e-002f  1
 201 3.2282476e-003 0.00e+000 4.18e-004  -5.4 3.03e+002    -  5.38e-002 4.89e-002f  4
 202 3.1959288e-003 0.00e+000 1.61e-004  -5.4 8.95e+002    -  7.23e-002 1.14e-002f  4
 203 3.1624069e-003 0.00e+000 1.08e-004  -5.4 6.52e+002    -  1.19e-001 1.13e-002f  5
 204 3.1500265e-003 0.00e+000 3.16e-004  -5.4 1.79e+003    -  1.85e-002 2.94e-002f  2
 205 3.0188169e-003 0.00e+000 1.72e-004  -5.4 3.04e+003    -  5.48e-002 6.64e-003f  4
 206 2.7006856e-003 0.00e+000 6.77e-005  -5.4 5.20e+002    -  7.94e-002 1.21e-001f  1
 207 2.3737197e-003 0.00e+000 4.12e-005  -5.4 2.37e+003    -  7.32e-003 8.07e-003f  4
 208 2.3212864e-003 0.00e+000 1.18e-004  -5.4 1.54e+002    -  2.98e-001 3.43e-002f  5
 209 2.2997047e-003 0.00e+000 1.56e-004  -5.4 5.85e+002    -  9.04e-002 1.22e-002f  4
iter    objective    inf_pr   inf_du lg(mu)  ||d||  lg(rg) alpha_du alpha_pr  ls
 210 2.2740964e-003 0.00e+000 2.25e-004 -11.0 1.33e+002    -  1.71e-001 1.46e-002f  1
 211 2.2391664e-003 0.00e+000 5.15e-004  -6.9 3.78e+003    -  1.59e-002 6.13e-003f  2
 212 2.1433613e-003 0.00e+000 3.47e-004  -5.4 1.06e+002    -  5.97e-001 8.83e-002f  1
 213 1.6616783e-003 0.00e+000 1.90e-004  -5.8 3.80e+002    -  2.89e-001 2.73e-001f  1
 214 1.5451824e-003 0.00e+000 1.01e-004  -7.0 1.63e+003    -  6.18e-002 5.16e-002f  1
 215 1.5437763e-003 0.00e+000 1.17e-004 -11.0 2.80e+002    -  8.06e-002 1.22e-002f  3
 216 1.5327425e-003 0.00e+000 2.90e-004  -7.6 1.02e+002    -  2.69e-001 1.46e-002f  2
 217 1.4980221e-003 0.00e+000 6.91e-005  -7.8 2.54e+001    -  1.48e-001 1.85e-001f  3
 218 1.4885686e-003 0.00e+000 1.68e-004  -7.4 5.83e+002    -  9.10e-003 1.46e-002f  4
 219 1.4806991e-003 0.00e+000 7.33e-005  -5.7 7.45e+002    -  9.84e-002 3.46e-003f  5
iter    objective    inf_pr   inf_du lg(mu)  ||d||  lg(rg) alpha_du alpha_pr  ls
 220 1.3630774e-003 0.00e+000 3.30e-005 -11.0 5.45e+001    -  3.76e-001 1.92e-001f  1
 221 1.2983326e-003 0.00e+000 4.12e-005 -11.0 1.04e+002    -  4.12e-002 7.38e-002f  3
 222 1.2983301e-003 0.00e+000 4.12e-005 -11.0 6.78e+002    -  1.13e-001 3.10e-006f  1
 223 1.2952186e-003 0.00e+000 1.46e-005  -6.1 9.59e+001    -  3.10e-001 2.22e-002f  4
 224 1.2945493e-003 0.00e+000 4.81e-005 -11.0 1.14e+002    -  2.14e-001 5.59e-003f  6
 225 1.2897466e-003 0.00e+000 1.44e-005  -6.4 1.15e+002    -  4.44e-001 1.33e-002f  4
 226 1.2881475e-003 0.00e+000 3.70e-005 -11.0 3.33e+001    -  6.31e-001 2.24e-002f  4
 227 1.2632385e-003 0.00e+000 4.23e-006  -6.4 1.04e+002    -  2.54e-001 1.78e-002f  3
 228 1.2543302e-003 0.00e+000 1.99e-005 -11.0 7.96e+001    -  2.24e-001 3.34e-002f  3
 229 1.2313416e-003 0.00e+000 5.69e-006  -7.7 2.79e+001    -  5.43e-001 1.09e-001f  1
iter    objective    inf_pr   inf_du lg(mu)  ||d||  lg(rg) alpha_du alpha_pr  ls
 230 1.2262312e-003 0.00e+000 3.41e-005  -7.9 5.57e+001    -  6.08e-001 2.36e-002f  4
 231 1.2253321e-003 0.00e+000 1.69e-005 -11.0 2.28e+002    -  7.32e-002 1.89e-003f  7
 232 1.2237426e-003 0.00e+000 2.71e-005  -8.1 5.43e+000    -  8.50e-001 1.25e-001f  4
 233 1.2221853e-003 0.00e+000 6.77e-006  -8.1 9.50e+000    -  1.00e+000 8.65e-002f  4
 234 1.2139179e-003 0.00e+000 1.00e-005  -8.5 8.13e+000    -  9.40e-001 1.64e-001f  2
 235 1.2153232e-003 0.00e+000 1.19e-005  -6.4 5.95e+003    -  1.21e-003 5.59e-005f  7
 236 1.1978586e-003 0.00e+000 8.29e-006  -8.5 2.12e+002    -  4.37e-002 8.38e-003f  1
 237 1.2030420e-003 0.00e+000 1.05e-005  -6.4 1.96e+003    -  2.47e-003 4.22e-004f  6
 238 1.2025630e-003 0.00e+000 8.81e-005  -8.4 7.21e+001    -  2.19e-001 7.20e-003f  5
 239 1.1940034e-003 0.00e+000 3.54e-005  -8.4 1.83e+002    -  9.59e-002 6.93e-003f  1
iter    objective    inf_pr   inf_du lg(mu)  ||d||  lg(rg) alpha_du alpha_pr  ls
 240 1.1667926e-003 0.00e+000 8.19e-005  -8.6 4.90e+001    -  1.00e+000 8.47e-002f  1
 241 1.1371466e-003 0.00e+000 6.58e-006  -6.6 8.12e+002    -  7.41e-002 1.10e-002f  1
 242 1.0977344e-003 0.00e+000 3.40e-006  -7.2 1.09e+002    -  6.63e-001 5.35e-002f  1
 243 1.0650860e-003 0.00e+000 3.85e-005 -11.0 1.26e+002    -  3.14e-001 6.40e-002f  1
 244 1.0384985e-003 0.00e+000 1.58e-005  -7.2 2.25e+002    -  8.46e-002 3.06e-002f  1
 245 1.0380707e-003 0.00e+000 1.95e-004  -8.4 9.14e+001    -  1.19e-001 1.67e-002f  4
 246 1.0548137e-003 0.00e+000 1.74e-004  -5.8 2.82e+002    -  1.00e-002 1.56e-002f  3
 247 1.0429145e-003 0.00e+000 2.16e-005  -7.4 3.62e+002    -  1.26e-002 7.47e-003f  1
 248 1.0386391e-003 0.00e+000 5.83e-006  -7.4 1.55e+002    -  2.44e-002 1.55e-002f  4
 249 9.9768826e-004 0.00e+000 1.95e-005  -7.4 2.43e+001    -  2.34e-001 4.35e-001f  1
iter    objective    inf_pr   inf_du lg(mu)  ||d||  lg(rg) alpha_du alpha_pr  ls
 250 9.8094432e-004 0.00e+000 2.01e-005  -6.6 2.34e+002    -  2.31e-001 1.18e-002f  1
 251 1.0824371e-003 0.00e+000 1.05e-004  -5.0 3.73e+003    -  1.54e-001 1.07e-002f  1
 252 1.0791767e-003 0.00e+000 4.09e-004  -5.9 2.56e+001    -  5.96e-001 2.32e-001f  3
 253 1.0196461e-003 0.00e+000 4.25e-005  -5.9 4.71e+001    -  1.84e-001 1.39e-001f  1
 254 9.8574315e-004 0.00e+000 1.22e-004  -5.9 1.05e+002    -  4.69e-001 3.12e-002f  3
 255 9.8374451e-004 0.00e+000 5.17e-005  -5.9 2.21e+002    -  5.78e-002 1.99e-002f  4
 256 9.6938775e-004 0.00e+000 3.34e-005  -5.9 4.36e+000    -  5.01e-001 1.00e+000f  1
 257 9.4977618e-004 0.00e+000 1.65e-005 -11.0 2.92e+001    -  3.96e-001 1.35e-001f  1
 258 9.4753564e-004 0.00e+000 1.61e-005 -11.0 9.44e+000    -  1.01e-004 5.50e-001f  1
 259 9.4562025e-004 0.00e+000 2.40e-004 -11.0 1.32e+002    -  1.32e-001 3.29e-002f  3
iter    objective    inf_pr   inf_du lg(mu)  ||d||  lg(rg) alpha_du alpha_pr  ls
 260 9.3746109e-004 0.00e+000 1.23e-004  -5.8 2.87e+002    -  4.75e-001 1.04e-002f  3
 261 9.3471756e-004 0.00e+000 1.66e-004 -11.0 6.33e+001    -  2.39e-001 2.49e-002f  5
 262 4.6857534e-003 0.00e+000 3.05e-004  -4.1 4.52e+002    -  2.58e-001 1.81e-001f  1
 263 1.3271258e-003 0.00e+000 3.99e-004  -4.7 3.79e+001    -  1.00e+000 1.00e+000f  1
 264 1.1554002e-003 0.00e+000 4.05e-005  -4.7 1.35e+002    -  1.70e-001 7.22e-002f  3
 265 1.1318901e-003 0.00e+000 8.25e-005  -7.1 3.34e+001    -  4.22e-001 4.62e-001f  1
 266 1.0755232e-003 0.00e+000 3.45e-004  -7.1 8.45e+001    -  1.63e-001 4.78e-002f  2
 267 1.0617720e-003 0.00e+000 1.10e-004  -7.1 1.70e+002    -  1.41e-001 6.87e-003f  5
 268 1.0241521e-003 0.00e+000 1.49e-004  -7.1 8.80e+000    -  6.70e-001 5.00e-001f  2
 269 9.5390767e-004 0.00e+000 8.71e-006  -7.1 1.45e+002    -  1.19e-001 4.86e-002f  3
iter    objective    inf_pr   inf_du lg(mu)  ||d||  lg(rg) alpha_du alpha_pr  ls
 270 9.2739042e-004 0.00e+000 2.94e-005  -7.1 5.65e+001    -  4.67e-001 4.11e-002f  4
 271 9.2721953e-004 0.00e+000 8.59e-006  -6.7 4.50e+001    -  4.84e-001 1.25e-002f  7
 272 9.1559813e-004 0.00e+000 9.54e-006  -7.0 3.62e+001    -  5.48e-001 1.20e-001f  4
 273 9.1410276e-004 0.00e+000 6.04e-005  -8.1 1.22e+003    -  2.11e-002 1.78e-003f  4
 274 9.1408713e-004 0.00e+000 1.11e-005  -8.5 7.37e+002    -  3.41e-002 4.78e-004f  6
 275 9.0967197e-004 0.00e+000 5.36e-006 -11.0 4.11e+001    -  2.09e-001 4.37e-002f  4
 276 9.0841052e-004 0.00e+000 1.57e-005  -8.6 7.04e+002    -  5.29e-002 1.17e-003f  5
 277 9.0150351e-004 0.00e+000 2.87e-005  -7.1 3.45e+001    -  9.49e-001 5.99e-002f  4
 278 9.0132038e-004 0.00e+000 7.65e-006  -6.4 2.51e+002    -  3.09e-001 3.60e-003f  5
 279 8.7192694e-004 0.00e+000 2.46e-006  -7.7 1.72e+001    -  6.29e-001 4.07e-001f  2
iter    objective    inf_pr   inf_du lg(mu)  ||d||  lg(rg) alpha_du alpha_pr  ls
 280 8.6449509e-004 0.00e+000 5.48e-005  -8.0 7.70e+001    -  4.62e-001 3.57e-002f  2
 281 8.6388980e-004 0.00e+000 1.14e-005  -6.0 3.11e+002    -  5.73e-002 4.80e-004f  7
 282 8.5904243e-004 0.00e+000 8.17e-006  -7.0 1.22e+001    -  7.17e-001 2.08e-001f  2
 283 8.7674811e-004 0.00e+000 5.88e-005  -5.0 1.95e+002    -  1.87e-001 1.33e-002f  5
 284 8.6782635e-004 0.00e+000 5.37e-005  -5.8 8.36e+001    -  4.71e-001 2.00e-002f  2
 285 8.5978527e-004 0.00e+000 2.19e-005  -5.8 7.50e+001    -  1.12e-001 3.93e-002f  4
 286 8.5073751e-004 0.00e+000 9.10e-005  -5.8 1.48e+002    -  6.92e-001 2.46e-002f  4
 287 8.3995602e-004 0.00e+000 2.97e-005 -11.0 1.72e+002    -  1.18e-001 2.16e-002f  5
 288 8.3923385e-004 0.00e+000 1.14e-004 -11.0 2.08e+002    -  1.27e-001 1.63e-003f  7
 289 8.2986128e-004 0.00e+000 2.62e-005 -11.0 2.80e+001    -  1.65e-001 1.30e-001f  3
iter    objective    inf_pr   inf_du lg(mu)  ||d||  lg(rg) alpha_du alpha_pr  ls
 290 8.2410176e-004 0.00e+000 1.04e-005 -11.0 1.03e+002    -  1.36e-001 1.94e-002f  4
 291 8.1703956e-004 0.00e+000 1.80e-005 -11.0 2.69e+001    -  6.13e-001 1.22e-001f  1
 292 1.0777174e-003 0.00e+000 4.57e-005  -4.5 2.69e+006    -  2.68e-005 8.69e-006f  2
 293 1.0679680e-003 0.00e+000 1.69e-004  -6.6 4.30e+001    -  3.78e-001 2.28e-001f  1
 294 1.0631682e-003 0.00e+000 3.21e-005  -6.6 1.93e+002    -  2.05e-001 1.67e-002f  3
 295 1.0629168e-003 0.00e+000 1.63e-004  -6.6 2.62e+002    -  1.57e-001 2.74e-003f  4
 296 1.0175848e-003 0.00e+000 3.77e-005  -6.6 6.20e+001    -  3.23e-001 7.60e-002f  1
 297 9.8500519e-004 0.00e+000 1.14e-004  -6.6 3.45e+001    -  4.93e-001 1.64e-001f  2
 298 9.8435865e-004 0.00e+000 1.14e-004  -6.6 8.12e+001    -  9.02e-002 2.29e-004f  2
 299 9.4795433e-004 0.00e+000 1.24e-004  -6.6 8.28e+001    -  3.15e-001 5.06e-002f  3
iter    objective    inf_pr   inf_du lg(mu)  ||d||  lg(rg) alpha_du alpha_pr  ls
 300 9.4136107e-004 0.00e+000 5.91e-005  -6.6 8.11e+002    -  7.80e-003 5.40e-003f  3
 301 9.3965501e-004 0.00e+000 1.53e-004  -6.6 7.90e+002    -  1.16e-002 2.93e-003f  4
 302 9.3817810e-004 0.00e+000 8.73e-005  -6.6 1.52e+003    -  1.73e-002 2.37e-004f  7
 303 9.3686987e-004 0.00e+000 1.48e-004  -6.6 3.52e+002    -  1.47e-002 5.73e-003f  4
 304 9.1750054e-004 0.00e+000 9.34e-005  -6.6 2.45e+002    -  5.76e-002 1.24e-002f  6
 305 8.3749202e-004 0.00e+000 6.09e-006  -6.6 3.40e+002    -  4.59e-002 1.79e-002f  1
 306 8.3501157e-004 0.00e+000 5.19e-006  -6.6 1.79e+001    -  1.00e+000 2.14e-001f  3
 307 8.2589774e-004 0.00e+000 3.65e-005  -6.6 1.13e+002    -  3.19e-001 2.96e-002f  3
 308 8.2267889e-004 0.00e+000 4.25e-006  -6.6 2.12e+002    -  2.05e-001 3.77e-003f  5
 309 8.2262308e-004 0.00e+000 2.87e-005  -6.6 1.08e+002    -  3.63e-001 1.56e-003f  8
iter    objective    inf_pr   inf_du lg(mu)  ||d||  lg(rg) alpha_du alpha_pr  ls
 310 8.1814992e-004 0.00e+000 1.13e-005  -6.6 1.30e+002    -  2.11e-001 1.02e-002f  4
 311 8.1665564e-004 0.00e+000 1.42e-005  -6.6 2.69e+001    -  6.20e-001 3.91e-002f  4
 312 8.1619590e-004 0.00e+000 3.61e-005 -11.0 1.91e+001    -  2.03e-001 5.32e-002f  4
 313 8.0581738e-004 0.00e+000 2.61e-005  -7.0 9.58e+000    -  5.45e-001 2.50e-001f  3
 314 8.0476200e-004 0.00e+000 1.14e-005 -11.0 3.50e+001    -  2.21e-001 3.51e-002f  4
 315 8.0466955e-004 0.00e+000 1.96e-005  -7.5 3.71e+001    -  3.97e-001 4.77e-003f  8
 316 8.0458787e-004 0.00e+000 2.19e-006  -7.3 7.62e+002    -  4.03e-002 1.50e-004f  9
 317 8.0440328e-004 0.00e+000 8.86e-006  -7.8 8.35e+001    -  3.53e-001 4.22e-003f  7
 318 8.0309067e-004 0.00e+000 3.03e-006  -7.5 5.79e+001    -  3.98e-001 6.99e-003f  7
 319 8.0305589e-004 0.00e+000 1.77e-005  -7.7 1.25e+001    -  1.00e+000 4.93e-002f  4
iter    objective    inf_pr   inf_du lg(mu)  ||d||  lg(rg) alpha_du alpha_pr  ls
 320 7.9932399e-004 0.00e+000 9.38e-006  -8.8 6.98e+000    -  1.00e+000 1.52e-001f  1
 321 7.9898558e-004 0.00e+000 2.43e-006  -9.3 1.09e+001    -  1.00e+000 6.10e-002f  5
 322 7.9896076e-004 0.00e+000 1.10e-005  -8.2 1.23e+002    -  9.74e-001 1.60e-003f  7
 323 7.9899590e-004 0.00e+000 7.27e-006  -6.7 3.47e+002    -  3.75e-001 2.69e-004f  9
 324 7.9892260e-004 0.00e+000 2.13e-006  -7.2 4.41e+001    -  5.19e-001 6.48e-003f  6
 325 7.9887278e-004 0.00e+000 6.36e-006  -8.0 8.90e+000    -  8.48e-001 3.12e-002f  6
 326 7.9806930e-004 0.00e+000 1.49e-005  -7.8 6.56e+000    -  8.07e-001 6.25e-002f  5
 327 7.9640943e-004 0.00e+000 7.29e-006  -8.0 4.21e+000    -  9.94e-001 1.71e-001f  2
 328 7.9559117e-004 0.00e+000 1.60e-005  -8.2 6.65e+000    -  9.96e-001 2.21e-001f  2
 329 7.9524941e-004 0.00e+000 3.25e-006  -6.9 3.90e+002    -  8.23e-001 1.05e-003f  7
iter    objective    inf_pr   inf_du lg(mu)  ||d||  lg(rg) alpha_du alpha_pr  ls
 330 7.9522418e-004 0.00e+000 1.40e-005 -11.0 3.18e+002    -  9.85e-002 2.18e-004f  9
 331 7.9508116e-004 0.00e+000 2.53e-006  -7.4 6.53e+001    -  4.25e-001 6.51e-003f  6
 332 7.9467962e-004 0.00e+000 1.03e-005  -7.3 4.40e+001    -  5.86e-001 9.83e-003f  7
 333 7.8922101e-004 0.00e+000 3.21e-006  -8.8 1.12e+000    -  9.98e-001 6.58e-001f  1
 334 7.8923759e-004 0.00e+000 1.36e-005  -7.7 1.38e+002    -  1.36e-001 5.16e-003f  5
 335 7.8746801e-004 0.00e+000 2.58e-005  -8.5 6.76e+001    -  3.12e-001 1.63e-002f  3
 336 7.8727132e-004 0.00e+000 5.92e-006  -6.6 1.06e+003    -  7.93e-001 6.28e-004f  5
 337 7.8720193e-004 0.00e+000 5.20e-005 -11.0 1.58e+002    -  2.31e-001 2.32e-003f  6
 338 7.8486722e-004 0.00e+000 1.77e-005  -6.4 2.00e+002    -  5.47e-001 6.61e-003f  4
 339 7.8245822e-004 0.00e+000 3.59e-005 -11.0 1.33e+002    -  1.54e-001 1.97e-002f  5
iter    objective    inf_pr   inf_du lg(mu)  ||d||  lg(rg) alpha_du alpha_pr  ls
 340 7.7257662e-004 0.00e+000 9.77e-006  -6.6 2.00e+002    -  2.60e-001 1.21e-002f  3
 341 7.6786148e-004 0.00e+000 1.94e-005  -6.8 7.18e+001    -  2.18e-001 3.07e-002f  4
 342 7.5521775e-004 0.00e+000 1.74e-005  -7.5 4.61e+001    -  6.59e-001 1.35e-001f  3
 343 7.3388422e-004 0.00e+000 1.52e-004  -8.5 1.73e+002    -  1.90e-001 4.72e-002f  2
 344 7.6187118e-004 0.00e+000 9.36e-005  -5.1 5.55e+003    -  1.58e-002 1.77e-003f  4
 345 6.9542029e-004 0.00e+000 2.77e-005  -6.7 6.53e+001    -  2.82e-001 1.78e-001f  1
 346 6.7748040e-004 0.00e+000 8.19e-005  -6.7 9.79e+001    -  5.71e-001 2.38e-002f  2
 347 5.9989360e-004 0.00e+000 5.17e-005  -6.3 1.20e+002    -  7.71e-001 2.64e-001f  1
 348 5.8046105e-004 0.00e+000 7.03e-005 -11.0 1.41e+002    -  3.71e-001 2.82e-002f  3
 349 8.3162246e-004 0.00e+000 3.71e-005  -4.6 2.33e+003    -  5.55e-002 2.33e-002f  2
iter    objective    inf_pr   inf_du lg(mu)  ||d||  lg(rg) alpha_du alpha_pr  ls
 350 7.5349542e-004 0.00e+000 3.74e-004  -5.8 4.85e+001    -  7.08e-001 4.26e-001f  2
 351 7.4494595e-004 0.00e+000 9.47e-005  -5.8 1.08e+003    -  6.43e-002 2.19e-003f  5
 352 7.0247409e-004 0.00e+000 1.15e-004  -5.8 6.39e+001    -  5.43e-001 5.58e-002f  2
 353 6.6214740e-004 0.00e+000 3.93e-005  -5.8 6.06e+001    -  2.51e-001 1.08e-001f  1
 354 6.3388177e-004 0.00e+000 2.98e-005  -5.8 1.13e+002    -  2.00e-001 3.47e-002f  3
 355 5.2640532e-004 0.00e+000 3.32e-005  -5.8 2.26e+001    -  2.35e-001 2.70e-001f  2
 356 4.8606105e-004 0.00e+000 4.25e-005 -11.0 3.39e+001    -  8.93e-002 1.87e-001f  1
 357 4.6497609e-004 0.00e+000 1.57e-004  -8.0 2.24e+002    -  2.47e-001 7.18e-002f  2
 358 4.6110340e-004 0.00e+000 4.76e-005  -7.0 8.85e+002    -  5.91e-002 1.45e-003f  7
 359 4.5646962e-004 0.00e+000 7.68e-005  -7.0 2.64e+001    -  4.91e-001 4.31e-002f  5
iter    objective    inf_pr   inf_du lg(mu)  ||d||  lg(rg) alpha_du alpha_pr  ls
 360 4.3703670e-004 0.00e+000 2.20e-005  -8.2 1.18e+002    -  1.20e-001 7.96e-002f  1
 361 4.0823304e-004 0.00e+000 6.27e-005  -7.6 8.19e+002    -  4.14e-002 1.85e-002f  2
 362 3.9272243e-004 0.00e+000 1.13e-005  -8.0 1.32e+003    -  1.38e-002 3.16e-003f  3
 363 3.7651702e-004 0.00e+000 8.28e-006 -11.0 1.13e+002    -  1.22e-001 5.94e-002f  1
 364 3.6632994e-004 0.00e+000 5.88e-005  -8.5 3.57e+002    -  1.42e-001 5.55e-002f  1
 365 3.5895940e-004 0.00e+000 8.76e-005  -6.5 3.67e+002    -  2.02e-001 4.96e-003f  3
 366 3.4411091e-004 0.00e+000 1.54e-005  -7.4 2.97e+002    -  6.15e-002 1.14e-002f  4
 367 3.4615812e-004 0.00e+000 5.03e-006  -4.5 1.31e+004    -  1.06e-003 4.32e-004f  2
 368 3.4037936e-004 0.00e+000 3.67e-005  -6.6 1.80e+002    -  1.13e-001 9.58e-003f  2
 369 3.2492874e-004 0.00e+000 4.99e-005 -11.0 1.48e+001    -  1.31e-001 6.34e-001f  1
iter    objective    inf_pr   inf_du lg(mu)  ||d||  lg(rg) alpha_du alpha_pr  ls
 370 3.2216800e-004 0.00e+000 7.26e-005 -11.0 2.45e+002    -  1.13e-001 1.57e-002f  1
 371 6.6112280e-004 0.00e+000 8.21e-005  -4.6 3.97e+005    -  1.30e-004 8.13e-005f  2
 372 6.4947428e-004 0.00e+000 2.95e-004  -6.7 8.03e+001    -  2.44e-001 3.74e-002f  4
 373 6.3584757e-004 0.00e+000 9.65e-005  -6.7 1.31e+002    -  2.74e-001 3.69e-002f  3
 374 6.0722321e-004 0.00e+000 4.68e-005  -6.7 2.15e+002    -  4.69e-002 6.54e-003f  4
 375 4.7027723e-004 0.00e+000 1.01e-004  -6.7 6.37e+001    -  6.85e-001 2.68e-001f  1
 376 4.4395907e-004 0.00e+000 2.39e-005  -6.7 1.17e+003    -  2.08e-002 5.51e-003f  2
 377 3.3029404e-004 0.00e+000 1.30e-005  -6.7 6.63e+002    -  1.26e-002 2.41e-002f  2
 378 3.1889886e-004 0.00e+000 9.10e-006  -6.7 2.68e+002    -  2.09e-001 5.25e-003f  4
 379 3.0727118e-004 0.00e+000 1.78e-004  -7.9 5.65e+000    -  9.28e-001 1.00e+000f  1
iter    objective    inf_pr   inf_du lg(mu)  ||d||  lg(rg) alpha_du alpha_pr  ls
 380 3.0666592e-004 0.00e+000 1.27e-005  -5.7 2.37e+002    -  1.89e-001 3.74e-003f  4
 381 2.9202842e-004 0.00e+000 6.65e-006  -7.5 9.06e+000    -  7.44e-001 2.50e-001f  3
 382 2.8734706e-004 0.00e+000 2.58e-005 -11.0 2.27e+001    -  6.11e-001 7.58e-002f  3
 383 2.8658973e-004 0.00e+000 6.95e-006  -6.7 5.00e+001    -  3.45e-001 2.69e-002f  4
 384 2.7741395e-004 0.00e+000 4.12e-006  -7.8 7.05e+001    -  4.41e-001 5.98e-002f  2
 385 2.7419390e-004 0.00e+000 1.28e-005  -7.7 1.68e+002    -  2.79e-001 5.61e-003f  4
 386 3.0213759e-004 0.00e+000 1.62e-004  -5.3 3.92e+002    -  6.06e-002 1.69e-002f  4
 387 2.8617540e-004 0.00e+000 1.77e-004  -6.5 1.60e+002    -  1.21e-001 3.45e-002f  1
 388 2.7048050e-004 0.00e+000 2.95e-004  -6.5 2.80e+002    -  1.97e-001 6.67e-002f  2
 389 2.9848832e-004 0.00e+000 2.05e-005  -5.0 8.08e+002    -  6.27e-002 1.84e-002f  3
iter    objective    inf_pr   inf_du lg(mu)  ||d||  lg(rg) alpha_du alpha_pr  ls
 390 2.9630185e-004 0.00e+000 9.12e-006  -6.1 6.73e+001    -  3.57e-001 2.41e-002f  5
 391 2.9355579e-004 0.00e+000 8.81e-006  -6.1 2.29e+001    -  6.06e-001 1.79e-001f  3
 392 2.7718660e-004 0.00e+000 4.01e-005  -6.1 7.91e+001    -  4.36e-001 5.15e-002f  3
 393 2.6276584e-004 0.00e+000 3.17e-004  -6.1 1.99e+002    -  4.08e-001 5.44e-002f  2
 394 2.3689995e-004 0.00e+000 1.08e-004  -7.0 2.49e+002    -  1.20e-001 2.80e-002f  3
 395 2.2410753e-004 0.00e+000 6.38e-005  -6.5 1.75e+001    -  6.52e-001 1.24e-001f  3
 396 2.2242497e-004 0.00e+000 7.72e-005  -7.7 5.27e+000    -  8.68e-001 2.50e-001f  3
 397 2.0825939e-004 0.00e+000 4.84e-005  -5.9 1.65e+003    -  1.77e-002 7.06e-003f  3
 398 2.0767939e-004 0.00e+000 6.78e-005  -6.7 6.67e+001    -  7.27e-001 4.47e-002f  4
 399 2.0516370e-004 0.00e+000 6.53e-005  -6.2 7.71e+001    -  3.07e-001 2.05e-002f  5
iter    objective    inf_pr   inf_du lg(mu)  ||d||  lg(rg) alpha_du alpha_pr  ls
 400 2.0423390e-004 0.00e+000 8.84e-005  -6.3 1.29e+002    -  5.52e-001 1.76e-002f  5
 401 2.0395174e-004 0.00e+000 5.39e-005  -5.8 6.85e+002    -  1.05e-001 1.03e-003f  7
 402 2.0305791e-004 0.00e+000 5.86e-005 -11.0 6.13e+000    -  6.62e-001 6.25e-002f  5
 403 1.9999938e-004 0.00e+000 7.32e-006 -11.0 4.92e+002    -  1.29e-002 1.22e-003f  6
 404 1.9936207e-004 0.00e+000 1.84e-006 -11.0 9.64e+001    -  3.74e-001 3.05e-002f  4
 405 1.9805002e-004 0.00e+000 1.48e-005 -11.0 5.35e+002    -  4.54e-002 2.54e-003f  5
 406 1.9742765e-004 0.00e+000 1.22e-005 -11.0 2.67e+001    -  4.33e-001 4.99e-002f  4
 407 2.0557439e-004 0.00e+000 3.56e-005  -5.2 4.57e+003    -  5.96e-002 9.49e-004f  4
 408 2.0545163e-004 0.00e+000 9.17e-005  -6.5 1.68e+002    -  1.47e-001 4.55e-003f  6
 409 2.0276119e-004 0.00e+000 5.11e-005  -6.5 1.82e+002    -  1.96e-002 2.30e-002f  4
iter    objective    inf_pr   inf_du lg(mu)  ||d||  lg(rg) alpha_du alpha_pr  ls
 410 2.0257275e-004 0.00e+000 8.50e-005  -6.5 8.37e+001    -  2.85e-001 7.84e-003f  5
 411 2.0056273e-004 0.00e+000 4.59e-005  -6.5 5.34e+002    -  9.09e-002 1.84e-002f  3
 412 1.9985853e-004 0.00e+000 5.90e-005  -6.5 3.82e+002    -  9.67e-002 4.37e-003f  5
 413 1.9786095e-004 0.00e+000 4.88e-005  -6.5 1.14e+002    -  1.38e-001 1.52e-002f  4
 414 1.9584311e-004 0.00e+000 2.39e-005  -6.5 6.22e+002    -  8.53e-002 1.08e-002f  3
 415 1.9506368e-004 0.00e+000 6.43e-005 -11.0 3.48e+002    -  5.48e-002 1.10e-003f  6
 416 1.9303715e-004 0.00e+000 1.54e-005 -11.0 1.67e+002    -  1.24e-001 3.08e-002f  3
 417 1.9231526e-004 0.00e+000 5.29e-005  -8.6 9.26e+001    -  8.80e-002 5.17e-003f  7
 418 1.8879968e-004 0.00e+000 9.30e-006 -11.0 6.59e+002    -  4.43e-002 5.39e-003f  4
 419 1.8832369e-004 0.00e+000 2.23e-005 -11.0 2.23e+002    -  1.14e-001 7.03e-003f  5
iter    objective    inf_pr   inf_du lg(mu)  ||d||  lg(rg) alpha_du alpha_pr  ls
 420 1.8720758e-004 0.00e+000 1.40e-005  -8.7 1.78e+002    -  3.11e-001 6.86e-003f  4
 421 1.8556955e-004 0.00e+000 3.51e-005  -8.3 3.16e+002    -  6.88e-002 1.48e-002f  5
 422 1.8555369e-004 0.00e+000 5.19e-005  -7.5 2.17e+002    -  1.49e-001 7.21e-004f  8
 423 1.8566289e-004 0.00e+000 2.34e-006  -6.3 2.75e+002    -  1.81e-001 1.83e-002f  4
 424 1.8558204e-004 0.00e+000 1.92e-005  -6.8 2.39e+002    -  1.07e-001 9.98e-004f  6
 425 1.8564864e-004 0.00e+000 1.05e-005  -6.8 3.98e+002    -  6.75e-002 5.18e-003f  5
 426 1.8428708e-004 0.00e+000 2.70e-006  -6.8 2.17e+002    -  1.50e-001 4.47e-003f  6
 427 1.8397349e-004 0.00e+000 8.47e-006 -11.0 1.04e+002    -  8.78e-002 7.37e-003f  6
 428 1.8349023e-004 0.00e+000 4.06e-005 -11.0 3.24e+002    -  1.68e-001 9.57e-003f  4
 429 1.8754419e-004 0.00e+000 3.05e-005  -4.8 2.22e+003    -  4.26e-002 3.06e-004f  6
iter    objective    inf_pr   inf_du lg(mu)  ||d||  lg(rg) alpha_du alpha_pr  ls
 430 1.8364243e-004 0.00e+000 5.73e-005  -6.2 1.32e+002    -  4.97e-001 2.00e-002f  4
 431 1.8357739e-004 0.00e+000 3.89e-005  -6.2 7.76e+001    -  1.70e-001 3.07e-003f  8
 432 1.8251259e-004 0.00e+000 6.42e-005  -6.2 1.74e+002    -  2.49e-001 9.71e-003f  5
 433 1.8207001e-004 0.00e+000 5.79e-005  -6.9 3.56e+001    -  5.01e-001 1.49e-002f  6
 434 1.8194055e-004 0.00e+000 6.32e-005  -6.4 5.77e+001    -  6.73e-001 1.56e-002f  5
 435 1.8152281e-004 0.00e+000 8.53e-005 -11.0 7.64e+001    -  1.92e-001 3.12e-002f  6
 436 1.7816459e-004 0.00e+000 3.26e-006  -8.6 2.33e+003    -  1.83e-002 3.12e-004f  5
 437 1.7791135e-004 0.00e+000 9.91e-006 -11.0 4.92e+000    -  8.29e-001 1.25e-001f  4
 438 1.7783996e-004 0.00e+000 9.72e-006 -11.0 3.45e+002    -  6.60e-002 8.17e-004f  6
 439 1.7756639e-004 0.00e+000 2.62e-006 -11.0 2.71e+002    -  8.63e-002 1.81e-003f  7
iter    objective    inf_pr   inf_du lg(mu)  ||d||  lg(rg) alpha_du alpha_pr  ls
 440 1.7746123e-004 0.00e+000 5.53e-006 -11.0 4.79e+001    -  3.16e-001 7.24e-003f  7
 441 1.7675070e-004 0.00e+000 1.19e-006 -11.0 3.89e+001    -  2.49e-001 9.13e-003f  6
 442 1.7661770e-004 0.00e+000 1.06e-005 -11.0 5.14e+001    -  5.83e-001 2.62e-002f  5
 443 1.7652147e-004 0.00e+000 5.10e-006  -6.6 3.80e+003    -  1.41e-002 4.16e-005f  8
 444 1.7644370e-004 0.00e+000 8.05e-006  -8.9 4.14e+000    -  9.95e-001 6.25e-002f  5
 445 1.7634861e-004 0.00e+000 2.21e-006  -7.4 3.43e+002    -  8.23e-001 4.35e-004f  6
 446 1.7633376e-004 0.00e+000 1.18e-006  -7.8 3.98e+001    -  5.50e-001 5.00e-003f  8
 447 1.7616654e-004 0.00e+000 2.47e-006  -8.3 7.93e+001    -  2.29e-001 3.66e-003f  7
 448 1.7602815e-004 0.00e+000 5.86e-007  -7.7 2.46e+001    -  6.23e-001 1.10e-002f  6
 449 1.7600012e-004 0.00e+000 7.38e-006  -8.0 2.75e+001    -  6.75e-001 3.12e-002f  6
iter    objective    inf_pr   inf_du lg(mu)  ||d||  lg(rg) alpha_du alpha_pr  ls
 450 1.7599478e-004 0.00e+000 1.87e-006  -7.0 7.40e+002    -  4.99e-001 7.44e-005f  9
 451 1.7522091e-004 0.00e+000 1.92e-006 -11.0 6.73e-001    -  9.89e-001 1.00e+000f  1
 452 1.7519764e-004 0.00e+000 7.01e-006  -7.5 1.30e+002    -  4.79e-001 8.27e-004f  7
 453 1.7513615e-004 0.00e+000 3.75e-006  -7.5 6.35e+001    -  7.65e-001 3.28e-003f  7
 454 1.7502194e-004 0.00e+000 5.22e-006  -7.7 1.87e+001    -  5.87e-001 3.29e-003f  2
 455 1.7430011e-004 0.00e+000 4.95e-006  -8.3 9.76e+000    -  9.59e-001 8.74e-002f  1
 456 1.7389176e-004 0.00e+000 1.59e-005  -7.4 9.29e+001    -  6.66e-001 1.55e-002f  5
 457 1.7382791e-004 0.00e+000 3.60e-006  -7.0 4.53e+002    -  4.59e-001 2.35e-004f  8
 458 1.7251849e-004 0.00e+000 4.56e-007  -9.3 1.55e+000    -  9.83e-001 1.00e+000f  1
 459 1.7159470e-004 0.00e+000 6.28e-005  -8.5 1.42e+001    -  8.24e-001 1.42e-001f  1
iter    objective    inf_pr   inf_du lg(mu)  ||d||  lg(rg) alpha_du alpha_pr  ls
 460 1.7171298e-004 0.00e+000 1.70e-005  -6.6 4.52e+002    -  9.24e-002 1.65e-003f  4
 461 1.7063518e-004 0.00e+000 2.03e-005  -7.7 3.59e+001    -  5.96e-001 3.00e-002f  5
 462 1.7031239e-004 0.00e+000 2.95e-005 -11.0 2.15e+001    -  3.92e-001 3.84e-002f  5
 463 1.7973305e-004 0.00e+000 4.77e-005  -5.8 4.32e+003    -  1.75e-003 4.62e-004f  4
 464 1.7511189e-004 0.00e+000 4.14e-006  -7.9 1.55e+002    -  1.39e-001 2.09e-002f  2
 465 1.7385545e-004 0.00e+000 8.22e-005  -7.9 2.06e+002    -  1.09e-001 5.64e-003f  2
 466 1.7266590e-004 0.00e+000 2.53e-005  -7.9 4.62e+001    -  1.83e-001 3.86e-002f  3
 467 1.7152336e-004 0.00e+000 6.23e-005  -7.9 7.29e+001    -  7.35e-002 6.49e-003f  5
 468 1.6922599e-004 0.00e+000 5.37e-005  -7.9 1.67e+001    -  1.00e+000 7.87e-002f  3
 469 1.6674590e-004 0.00e+000 2.14e-005  -7.3 2.40e+001    -  8.77e-001 9.90e-002f  2
iter    objective    inf_pr   inf_du lg(mu)  ||d||  lg(rg) alpha_du alpha_pr  ls
 470 1.6334484e-004 0.00e+000 2.68e-005  -6.2 4.75e+002    -  1.06e-001 3.51e-003f  3
 471 1.6054759e-004 0.00e+000 2.27e-005  -6.6 5.60e+001    -  1.88e-001 3.44e-002f  4
 472 1.5939254e-004 0.00e+000 5.54e-005 -11.0 3.80e+002    -  2.96e-002 1.87e-003f  7
 473 1.5881784e-004 0.00e+000 2.12e-005  -6.6 5.41e+001    -  1.00e+000 1.87e-002f  3
 474 1.5855760e-004 0.00e+000 5.00e-005  -7.1 3.52e+001    -  9.84e-001 1.30e-002f  5
 475 1.5292870e-004 0.00e+000 1.98e-005  -6.5 6.47e+001    -  3.80e-001 4.61e-002f  2
 476 1.4778838e-004 0.00e+000 5.33e-006 -11.0 9.88e+001    -  1.10e-001 1.63e-002f  5
 477 1.4576270e-004 0.00e+000 3.39e-005  -8.4 2.28e+001    -  3.18e-001 4.76e-002f  5
 478 1.4490279e-004 0.00e+000 2.26e-005  -7.5 1.65e+002    -  2.28e-001 1.33e-002f  1
 479 1.4613732e-004 0.00e+000 3.46e-005  -6.7 1.90e+002    -  2.68e-001 3.29e-003f  5
iter    objective    inf_pr   inf_du lg(mu)  ||d||  lg(rg) alpha_du alpha_pr  ls
 480 1.4463368e-004 0.00e+000 4.26e-006  -7.0 6.63e+000    -  2.17e-001 1.25e-001f  4
 481 1.4347430e-004 0.00e+000 2.83e-005 -11.0 1.20e+002    -  4.66e-002 3.26e-003f  1
 482 1.4125421e-004 0.00e+000 1.15e-005  -9.1 4.83e+001    -  1.05e-001 2.26e-002f  4
 483 1.4100294e-004 0.00e+000 4.64e-006 -11.0 1.17e+001    -  7.01e-001 6.25e-002f  5
 484 1.4054249e-004 0.00e+000 6.89e-006  -7.7 5.54e+001    -  2.63e-001 7.10e-003f  5
 485 1.3761465e-004 0.00e+000 2.35e-005  -8.2 9.57e+001    -  1.34e-001 1.04e-002f  4
 486 1.3698340e-004 0.00e+000 2.88e-005  -6.7 1.08e+003    -  2.49e-002 6.18e-004f  3
 487 1.3695177e-004 0.00e+000 2.40e-005  -7.0 2.50e+001    -  9.96e-001 4.23e-003f  7
 488 1.3581298e-004 0.00e+000 1.13e-005  -7.9 2.72e+000    -  8.79e-001 2.39e-001f  2
 489 1.3302387e-004 0.00e+000 1.61e-005  -7.0 1.19e+002    -  7.16e-001 4.21e-003f  1
iter    objective    inf_pr   inf_du lg(mu)  ||d||  lg(rg) alpha_du alpha_pr  ls
 490 1.3167289e-004 0.00e+000 1.58e-005  -6.8 1.48e+002    -  4.52e-001 7.22e-003f  5
 491 1.2964299e-004 0.00e+000 7.70e-006  -6.7 8.61e+001    -  3.45e-001 2.05e-002f  5
 492 1.2869390e-004 0.00e+000 5.58e-005 -11.0 4.79e+002    -  1.77e-002 4.52e-003f  5
 493 1.1995774e-004 0.00e+000 4.61e-005  -6.6 1.19e+002    -  1.00e+000 4.91e-002f  3
 494 1.1847310e-004 0.00e+000 3.51e-005  -6.7 2.58e+002    -  1.76e-001 3.32e-003f  6
 495 1.1647428e-004 0.00e+000 1.07e-004  -8.7 2.47e+001    -  3.83e-001 6.25e-002f  5
 496 1.1333283e-004 0.00e+000 4.35e-005  -5.6 1.87e+002    -  1.43e-001 2.66e-002f  3
 497 1.0935192e-004 0.00e+000 4.26e-005 -11.0 3.50e+001    -  2.13e-001 5.18e-002f  3
 498 1.0814068e-004 0.00e+000 4.77e-005  -6.6 3.51e+001    -  8.83e-001 2.27e-002f  4
 499 1.0775585e-004 0.00e+000 1.50e-005  -7.6 6.19e+001    -  3.87e-001 1.96e-002f  5
iter    objective    inf_pr   inf_du lg(mu)  ||d||  lg(rg) alpha_du alpha_pr  ls
 500 1.0723369e-004 0.00e+000 4.48e-005  -7.5 1.36e+002    -  1.90e-001 1.09e-002f  5

Number of Iterations....: 500

                                   (scaled)                 (unscaled)
Objective...............:  1.0723369266865531e-004   1.0723369266865531e-004
Dual infeasibility......:  4.4760730988558948e-005   4.4760730988558948e-005
Constraint violation....:  0.0000000000000000e+000   0.0000000000000000e+000
Complementarity.........:  1.4665610795022774e-006   1.4665610795022774e-006
Overall NLP error.......:  4.4760730988558948e-005   4.4760730988558948e-005


Number of objective function evaluations             = 3057
Number of objective gradient evaluations             = 501
Number of equality constraint evaluations            = 0
Number of inequality constraint evaluations          = 0
Number of equality constraint Jacobian evaluations   = 0
Number of inequality constraint Jacobian evaluations = 0
Number of Lagrangian Hessian evaluations             = 0
Total CPU secs in IPOPT (w/o function evaluations)   =     10.924
Total CPU secs in NLP function evaluations           =    324.812

EXIT: Maximum Number of Iterations Exceeded.
