
******************************************************************************
This program contains Ipopt, a library for large-scale nonlinear optimization.
 Ipopt is released as open source code under the Eclipse Public License (EPL).
         For more information visit http://projects.coin-or.org/Ipopt
******************************************************************************

This is Ipopt version 3.12, running with linear solver ma57.

Number of nonzeros in equality constraint Jacobian...:        0
Number of nonzeros in inequality constraint Jacobian.:  7844671
Number of nonzeros in Lagrangian Hessian.............:   491358

Total number of variables............................:   491358
                     variables with only lower bounds:        0
                variables with lower and upper bounds:   491358
                     variables with only upper bounds:        0
Total number of equality constraints.................:        0
Total number of inequality constraints...............:     1123
        inequality constraints with only lower bounds:        0
   inequality constraints with lower and upper bounds:     1054
        inequality constraints with only upper bounds:        0

iter    objective    inf_pr   inf_du lg(mu)  ||d||  lg(rg) alpha_du alpha_pr  ls
   0 0.0000000e+000 1.54e+011 0.00e+000  -1.0 0.00e+000    -  0.00e+000 0.00e+000   0
   1 6.7260515e+002 1.53e+011 5.51e+000  -1.0 1.46e+005    -  4.78e-003 5.22e-003h  1
   2 4.0253946e+003 1.52e+011 2.68e+001  -1.0 1.45e+005    -  3.56e-003 7.45e-003h  1
   3 1.7131702e+004 1.50e+011 7.18e+001  -1.0 1.44e+005    -  3.87e-003 1.33e-002h  1
   4 4.8145858e+004 1.48e+011 1.02e+002  -1.0 1.42e+005    -  5.42e-003 1.76e-002h  1
   5 9.3355474e+004 1.45e+011 1.18e+002  -1.0 1.40e+005    -  6.90e-003 1.73e-002h  1
   6 1.5940871e+005 1.42e+011 1.33e+002  -1.0 1.38e+005    -  1.37e-002 1.91e-002h  1
   7 2.3335392e+005 1.40e+011 1.40e+002  -1.0 1.35e+005    -  1.19e-002 1.75e-002h  1
   8 2.5683356e+005 1.39e+011 1.41e+002  -1.0 1.33e+005    -  1.55e-002 5.06e-003h  1
   9 2.8784365e+005 1.38e+011 1.41e+002  -1.0 1.32e+005    -  1.16e-002 6.40e-003h  1
iter    objective    inf_pr   inf_du lg(mu)  ||d||  lg(rg) alpha_du alpha_pr  ls
  10 3.3123315e+005 1.37e+011 1.41e+002  -1.0 1.31e+005    -  1.20e-002 8.46e-003h  1
  11 4.3253509e+005 1.35e+011 1.46e+002  -1.0 1.30e+005    -  1.11e-002 1.79e-002h  1
  12 5.8843121e+005 1.31e+011 1.55e+002  -1.0 1.28e+005    -  2.01e-002 2.42e-002h  1
  13 6.8073364e+005 1.30e+011 1.56e+002  -1.0 1.25e+005    -  1.32e-002 1.31e-002h  1
  14 7.6478841e+005 1.28e+011 1.56e+002  -1.0 1.23e+005    -  1.62e-002 1.13e-002h  1
  15 9.2123930e+005 1.26e+011 1.64e+002  -1.0 1.22e+005    -  1.58e-002 1.96e-002h  1
  16 1.1747839e+006 1.22e+011 1.96e+002  -1.0 1.19e+005    -  8.66e-004 2.88e-002h  1
  17 1.3668612e+006 1.20e+011 2.08e+002  -1.0 1.16e+005    -  3.33e-002 2.02e-002h  1
  18 1.6016457e+006 1.17e+011 2.23e+002  -1.0 1.13e+005    -  2.25e-002 2.32e-002h  1
  19 1.7475655e+006 1.15e+011 2.27e+002  -1.0 1.11e+005    -  2.70e-002 1.38e-002h  1
iter    objective    inf_pr   inf_du lg(mu)  ||d||  lg(rg) alpha_du alpha_pr  ls
  20 1.9039659e+006 1.13e+011 2.31e+002  -1.0 1.09e+005    -  2.81e-002 1.43e-002h  1
  21 2.1131292e+006 1.11e+011 2.38e+002  -1.0 1.08e+005    -  2.84e-002 1.83e-002h  1
  22 2.4463224e+006 1.08e+011 2.56e+002  -1.0 1.06e+005    -  1.45e-002 2.77e-002h  1
  23 2.7647919e+006 1.06e+011 2.70e+002  -1.0 1.03e+005    -  2.33e-002 2.52e-002h  1
  24 2.9321690e+006 1.04e+011 2.71e+002  -1.0 1.00e+005    -  2.29e-002 1.29e-002h  1
  25 3.2537832e+006 1.02e+011 2.81e+002  -1.0 9.89e+004    -  3.35e-002 2.39e-002h  1
  26 3.5539809e+006 9.95e+010 2.87e+002  -1.0 9.65e+004    -  1.16e-002 2.16e-002h  1
  27 4.1154362e+006 9.57e+010 3.33e+002  -1.0 9.44e+004    -  1.41e-004 3.85e-002h  1
  28 4.7128997e+006 9.20e+010 4.00e+002  -1.0 9.08e+004    -  6.46e-002 3.92e-002h  1
  29 5.6624070e+006 8.65e+010 5.70e+002  -1.0 8.72e+004    -  1.99e-002 5.88e-002h  1
iter    objective    inf_pr   inf_du lg(mu)  ||d||  lg(rg) alpha_du alpha_pr  ls
  30 6.8506046e+006 8.05e+010 8.20e+002  -1.0 8.21e+004    -  2.36e-002 6.95e-002h  1
  31 7.2571468e+006 7.86e+010 8.34e+002  -1.0 7.64e+004    -  1.03e-001 2.36e-002h  1
  32 7.7565008e+006 7.64e+010 8.59e+002  -1.0 7.46e+004    -  1.18e-003 2.85e-002h  1
  33 8.2263511e+006 7.44e+010 8.80e+002  -1.0 7.25e+004    -  5.91e-003 2.65e-002h  1
  34 8.5951951e+006 7.28e+010 8.89e+002  -1.0 7.06e+004    -  4.80e-002 2.07e-002h  1
  35 9.8875352e+006 6.78e+010 1.16e+003  -1.0 6.91e+004    -  4.10e-002 6.94e-002h  1
  36 1.0120850e+007 6.69e+010 1.15e+003  -1.0 6.43e+004    -  5.19e-002 1.27e-002h  1
  37 1.1205474e+007 6.31e+010 1.32e+003  -1.0 6.35e+004    -  3.90e-002 5.74e-002h  1
  38 1.1409403e+007 6.24e+010 1.31e+003  -1.0 5.98e+004    -  5.07e-002 1.10e-002h  1
  39 1.2381132e+007 5.92e+010 1.43e+003  -1.0 5.92e+004    -  9.05e-003 5.10e-002h  1
iter    objective    inf_pr   inf_du lg(mu)  ||d||  lg(rg) alpha_du alpha_pr  ls
  40 1.2394529e+007 5.92e+010 1.43e+003  -1.0 5.62e+004    -  6.65e-004 7.18e-004h  1
  41 1.3451732e+007 5.59e+010 1.57e+003  -1.0 5.61e+004    -  9.11e-002 5.50e-002h  1
  42 1.3666811e+007 5.53e+010 1.56e+003  -1.0 5.30e+004    -  5.06e-003 1.14e-002h  1
  43 1.4903724e+007 5.17e+010 1.76e+003  -1.0 5.24e+004    -  6.85e-002 6.38e-002h  1
  44 1.4951305e+007 5.16e+010 1.76e+003  -1.0 4.91e+004    -  6.88e-002 2.53e-003h  1
  45 1.6318940e+007 4.80e+010 2.01e+003  -1.0 4.90e+004    -  2.01e-002 7.04e-002h  1
  46 1.6534562e+007 4.74e+010 1.99e+003  -1.0 4.55e+004    -  7.55e-002 1.15e-002h  1
  47 1.7334267e+007 4.54e+010 2.04e+003  -1.0 4.50e+004    -  5.75e-003 4.20e-002h  1
  48 1.8352499e+007 4.30e+010 2.21e+003  -1.0 4.31e+004    -  7.09e-002 5.34e-002h  1
  49 1.8815522e+007 4.19e+010 2.22e+003  -1.0 4.08e+004    -  5.81e-002 2.48e-002h  1
iter    objective    inf_pr   inf_du lg(mu)  ||d||  lg(rg) alpha_du alpha_pr  ls
  50 1.9387433e+007 4.06e+010 2.24e+003  -1.0 3.98e+004    -  4.01e-002 3.07e-002h  1
  51 1.9662368e+007 4.00e+010 2.23e+003  -1.0 3.86e+004    -  9.34e-002 1.49e-002h  1
  52 2.0001356e+007 3.93e+010 2.22e+003  -1.0 3.80e+004    -  1.05e-001 1.84e-002h  1
  53 2.0267063e+007 3.87e+010 2.21e+003  -1.0 3.73e+004    -  5.26e-002 1.45e-002h  1
  54 2.0778326e+007 3.77e+010 2.23e+003  -1.0 3.68e+004    -  1.06e-001 2.78e-002h  1
  55 2.3415093e+007 3.25e+010 4.13e+003  -1.0 3.57e+004    -  8.87e-002 1.38e-001h  1
  56 2.3710229e+007 3.19e+010 4.09e+003  -1.0 3.08e+004    -  1.71e-001 1.68e-002h  1
  57 2.4281766e+007 3.09e+010 4.07e+003  -1.0 3.03e+004    -  4.22e-002 3.25e-002h  1
  58 2.4501922e+007 3.05e+010 4.03e+003  -1.0 2.93e+004    -  6.85e-002 1.27e-002h  1
  59 2.5323353e+007 2.90e+010 4.08e+003  -1.0 2.89e+004    -  5.97e-002 4.72e-002h  1
iter    objective    inf_pr   inf_du lg(mu)  ||d||  lg(rg) alpha_du alpha_pr  ls
  60 2.5680862e+007 2.84e+010 4.04e+003  -1.0 2.76e+004    -  1.71e-003 2.10e-002h  1
  61 2.6466164e+007 2.71e+010 4.08e+003  -1.0 2.70e+004    -  9.79e-002 4.61e-002h  1
  62 2.7554490e+007 2.54e+010 4.27e+003  -1.0 2.57e+004    -  7.75e-002 6.45e-002h  1
  63 2.7649972e+007 2.52e+010 4.62e+003  -1.0 2.41e+004    -  1.94e-001 5.91e-003h  1
  64 2.8475918e+007 2.39e+010 5.14e+003  -1.0 2.39e+004    -  1.39e-001 5.05e-002h  1
  65 3.0342152e+007 2.12e+010 5.20e+003  -1.0 2.27e+004    -  8.49e-002 1.14e-001h  1
  66 3.1205059e+007 2.00e+010 5.22e+003  -1.0 2.01e+004    -  1.54e-001 5.66e-002h  1
  67 3.2323496e+007 1.85e+010 5.36e+003  -1.0 1.90e+004    -  1.04e-001 7.49e-002h  1
  68 3.2763020e+007 1.79e+010 5.29e+003  -1.0 1.76e+004    -  8.84e-002 3.09e-002h  1
  69 3.2805538e+007 1.79e+010 6.14e+003  -1.0 1.70e+004    -  8.94e-002 3.06e-003h  1
iter    objective    inf_pr   inf_du lg(mu)  ||d||  lg(rg) alpha_du alpha_pr  ls
  70 3.3557233e+007 1.69e+010 7.77e+003  -1.0 1.70e+004    -  2.65e-001 5.35e-002h  1
  71 3.5103972e+007 1.50e+010 6.78e+003  -1.0 1.61e+004    -  9.57e-002 1.11e-001h  1
  72 3.5491254e+007 1.46e+010 8.55e+003  -1.0 1.43e+004    -  2.50e-001 3.03e-002h  1
  73 3.7505767e+007 1.23e+010 7.59e+003  -1.0 1.38e+004    -  2.08e-001 1.56e-001h  1
  74 3.8598487e+007 1.11e+010 6.60e+003  -1.0 1.17e+004    -  1.04e-002 9.49e-002h  1
  75 3.8634442e+007 1.11e+010 7.95e+003  -1.0 1.06e+004    -  1.94e-001 3.38e-003h  1
  76 3.9989389e+007 9.72e+009 6.66e+003  -1.0 1.05e+004    -  5.70e-002 1.25e-001h  1
  77 4.0809122e+007 8.91e+009 9.92e+003  -1.0 9.22e+003    -  5.47e-001 8.33e-002h  1
  78 4.2711228e+007 7.11e+009 7.76e+003  -1.0 8.45e+003    -  1.68e-001 2.01e-001h  1
  79 4.3197489e+007 6.67e+009 1.20e+004  -1.0 6.75e+003    -  8.77e-001 6.20e-002h  1
iter    objective    inf_pr   inf_du lg(mu)  ||d||  lg(rg) alpha_du alpha_pr  ls
  80 4.3638497e+007 6.28e+009 1.14e+004  -1.0 6.33e+003    -  1.63e-001 5.90e-002h  1
  81 4.5898855e+007 4.35e+009 8.83e+003  -1.0 5.96e+003    -  9.92e-001 3.08e-001h  1
  82 4.6814930e+007 3.60e+009 7.67e+003  -1.0 4.12e+003    -  3.82e-001 1.71e-001h  1
  83 4.7264211e+007 3.24e+009 8.33e+003  -1.0 3.42e+003    -  1.00e+000 9.93e-002h  1
  84 4.9472156e+007 1.56e+009 5.57e+003  -1.0 3.08e+003    -  8.00e-001 5.20e-001h  1
  85 4.9868108e+007 1.27e+009 4.62e+003  -1.0 1.48e+003    -  1.00e+000 1.87e-001h  1
  86 5.0435834e+007 8.56e+008 3.31e+003  -1.0 1.20e+003    -  1.00e+000 3.24e-001h  1
  87 5.0953745e+007 4.87e+008 2.04e+003  -1.0 8.12e+002    -  1.00e+000 4.30e-001h  1
  88 5.1641434e+007 6.98e+006 3.08e+002  -1.0 4.62e+002    -  1.00e+000 9.86e-001h  1
  89 5.1651547e+007 0.00e+000 4.70e-002  -1.0 6.63e+000    -  1.00e+000 1.00e+000h  1
iter    objective    inf_pr   inf_du lg(mu)  ||d||  lg(rg) alpha_du alpha_pr  ls
  90 5.1651436e+007 0.00e+000 9.17e+000  -2.5 9.20e+000    -  8.65e-001 1.00e+000f  1
  91 5.1651434e+007 0.00e+000 5.11e-002  -2.5 2.04e+000    -  1.00e+000 1.00e+000f  1
  92 5.1651434e+007 0.00e+000 3.09e-003  -2.5 5.04e-001    -  1.00e+000 1.00e+000f  1
  93 5.1651431e+007 0.00e+000 2.31e-003  -3.8 4.38e-001    -  1.00e+000 1.00e+000f  1
  94 5.1651431e+007 0.00e+000 2.29e-005  -3.8 1.58e-001    -  1.00e+000 1.00e+000f  1
  95 5.1651431e+007 0.00e+000 7.64e-006  -5.7 6.71e-002    -  1.00e+000 1.00e+000f  1
  96 5.1651431e+007 0.00e+000 2.85e-008  -5.7 5.58e-003    -  1.00e+000 1.00e+000f  1
In iteration 96, 10 Slacks too small, adjusting variable bounds
  97 5.1651431e+007 1.05e-005 1.68e-009  -8.6 6.40e-004    -  1.00e+000 1.00e+000f  1
In iteration 97, 10 Slacks too small, adjusting variable bounds
  98 5.1651431e+007 0.00e+000 1.93e-010  -8.6 2.69e-005    -  1.00e+000 1.00e+000h  1

Number of Iterations....: 98

                                   (scaled)                 (unscaled)
Objective...............:  5.1651431092692971e+007   5.1651431092692971e+007
Dual infeasibility......:  1.9304379575890702e-010   1.9304379575890702e-010
Constraint violation....:  0.0000000000000000e+000   0.0000000000000000e+000
Complementarity.........:  7.3473124962170978e-009   7.3473124962170978e-009
Overall NLP error.......:  7.3473124962170978e-009   7.3473124962170978e-009


Number of objective function evaluations             = 99
Number of objective gradient evaluations             = 99
Number of equality constraint evaluations            = 0
Number of inequality constraint evaluations          = 99
Number of equality constraint Jacobian evaluations   = 0
Number of inequality constraint Jacobian evaluations = 99
Number of Lagrangian Hessian evaluations             = 98
Total CPU secs in IPOPT (w/o function evaluations)   =    292.591
Total CPU secs in NLP function evaluations           =    103.465

EXIT: Optimal Solution Found.
