This is Ipopt version 3.12, running with linear solver ma57.

Number of nonzeros in equality constraint Jacobian...:        0
Number of nonzeros in inequality constraint Jacobian.:        0
Number of nonzeros in Lagrangian Hessian.............:        0

Total number of variables............................:     6648
                     variables with only lower bounds:        0
                variables with lower and upper bounds:     6648
                     variables with only upper bounds:        0
Total number of equality constraints.................:        0
Total number of inequality constraints...............:        0
        inequality constraints with only lower bounds:        0
   inequality constraints with lower and upper bounds:        0
        inequality constraints with only upper bounds:        0

iter    objective    inf_pr   inf_du lg(mu)  ||d||  lg(rg) alpha_du alpha_pr  ls
   0 1.7737185e+005 0.00e+000 5.21e+001   0.0 0.00e+000    -  0.00e+000 0.00e+000   0
   1 1.7333344e+005 0.00e+000 5.08e+001  -2.9 5.20e+001    -  9.49e-001 1.00e+000f  1
   2 8.9970106e+004 0.00e+000 2.23e+001   0.7 2.31e+003    -  4.15e-001 5.03e-001f  1
   3 8.8913573e+004 0.00e+000 1.58e+001  -0.5 1.37e+003    -  7.24e-001 1.48e-002f  1
   4 7.6814367e+004 0.00e+000 8.79e+000   0.3 1.55e+003    -  9.96e-001 1.45e-001f  1
   5 4.1007203e+004 0.00e+000 8.38e+000  -5.7 2.34e+003    -  4.11e-001 3.28e-001f  1
   6 3.9586968e+004 0.00e+000 7.56e+000  -1.5 1.34e+003    -  6.71e-001 2.61e-002f  1
   7 2.9884465e+004 0.00e+000 7.66e+000  -6.4 1.47e+003    -  5.68e-001 1.82e-001f  1
   8 2.3800571e+004 0.00e+000 6.53e+000  -6.7 1.14e+003    -  6.25e-001 1.65e-001f  1
   9 1.8829440e+004 0.00e+000 5.17e+000  -7.1 1.02e+003    -  6.37e-001 1.90e-001f  1
iter    objective    inf_pr   inf_du lg(mu)  ||d||  lg(rg) alpha_du alpha_pr  ls
  10 1.5435213e+004 0.00e+000 3.98e+000  -7.4 1.26e+003    -  5.99e-001 1.59e-001f  1
  11 1.3243984e+004 0.00e+000 3.61e+000  -1.3 1.48e+003    -  1.00e+000 1.32e-001f  1
  12 1.1668891e+004 0.00e+000 3.02e+000  -7.2 1.64e+003    -  5.33e-001 9.97e-002f  1
  13 9.9969937e+003 0.00e+000 2.19e+000  -2.2 2.14e+003    -  8.20e-001 1.21e-001f  1
  14 9.2457024e+003 0.00e+000 1.98e+000  -7.7 1.82e+003    -  3.34e-002 5.79e-002f  1
  15 9.2111616e+003 0.00e+000 2.00e+000  -7.7 3.59e+003    -  2.59e-002 1.70e-003f  1
  16 8.9532287e+003 0.00e+000 2.07e+000  -0.5 2.72e+003    -  6.14e-002 1.30e-002f  1
  17 8.3648012e+003 0.00e+000 3.24e+000  -1.5 2.21e+003    -  7.35e-001 4.02e-002f  1
  18 6.9622207e+003 0.00e+000 3.40e+000  -7.4 2.14e+003    -  4.14e-001 1.06e-001f  1
  19 6.8929460e+003 0.00e+000 3.33e+000  -7.6 2.11e+003    -  1.07e-001 5.83e-003f  1
iter    objective    inf_pr   inf_du lg(mu)  ||d||  lg(rg) alpha_du alpha_pr  ls
  20 6.8399648e+003 0.00e+000 3.36e+000  -7.7 3.25e+003    -  1.32e-002 3.24e-003f  1
  21 6.0475992e+003 0.00e+000 2.77e+000  -0.6 5.07e+003    -  1.03e-002 4.02e-002f  1
  22 5.6810300e+003 0.00e+000 2.74e+000  -7.6 6.27e+003    -  1.34e-002 1.09e-002f  1
  23 5.4152799e+003 0.00e+000 2.65e+000  -0.3 5.35e+003    -  1.91e-003 1.71e-002f  1
  24 5.4108620e+003 0.00e+000 2.72e+000  -7.6 1.37e+004    -  2.10e-002 5.34e-005f  1
  25 5.3986582e+003 0.00e+000 2.69e+000  -7.6 3.99e+003    -  1.15e-002 6.85e-004f  1
  26 5.3952276e+003 0.00e+000 2.70e+000  -7.6 8.43e+003    -  2.32e-003 1.17e-004f  1
  27 4.5409409e+003 0.00e+000 3.27e+000  -1.3 2.92e+003    -  1.03e-004 5.03e-002f  1
  28 4.4635217e+003 0.00e+000 3.02e+000  -7.6 8.77e+003    -  3.29e-002 1.46e-003f  1
  29 4.3028373e+003 0.00e+000 2.96e+000  -7.6 1.55e+003    -  4.17e-002 2.21e-002f  1
iter    objective    inf_pr   inf_du lg(mu)  ||d||  lg(rg) alpha_du alpha_pr  ls
  30 3.7383580e+003 0.00e+000 2.74e+000  -0.9 2.15e+003    -  1.20e-001 7.01e-002f  1
  31 3.7300719e+003 0.00e+000 2.74e+000  -7.5 1.42e+004    -  1.33e-002 3.81e-004f  1
  32 3.3349947e+003 0.00e+000 2.50e+000  -2.1 2.38e+003    -  6.58e-002 5.05e-002f  1
  33 3.0208368e+003 0.00e+000 2.64e+000  -1.1 1.20e+004    -  2.80e-002 1.68e-002f  1
  34 2.6216685e+003 0.00e+000 2.22e+000  -1.7 2.17e+003    -  2.11e-002 5.48e-002f  1
  35 2.5871103e+003 0.00e+000 2.28e+000  -7.5 2.08e+004    -  1.07e-003 4.65e-004f  1
  36 2.5835229e+003 0.00e+000 2.27e+000  -2.1 4.65e+003    -  3.42e-002 4.47e-004f  1
  37 2.5069434e+003 0.00e+000 2.33e+000  -1.5 5.64e+003    -  2.52e-002 5.66e-003f  1
  38 2.3913856e+003 0.00e+000 2.18e+000  -2.2 3.20e+003    -  5.99e-002 9.50e-003f  1
  39 2.2107804e+003 0.00e+000 2.05e+000  -7.5 1.32e+003    -  3.44e-002 4.09e-002f  1
iter    objective    inf_pr   inf_du lg(mu)  ||d||  lg(rg) alpha_du alpha_pr  ls
  40 2.2081735e+003 0.00e+000 2.05e+000  -7.5 1.50e+004    -  3.18e-002 2.37e-004f  1
  41 1.8246225e+003 0.00e+000 1.67e+000  -1.3 1.19e+003    -  2.80e-001 9.36e-002f  1
  42 1.6966074e+003 0.00e+000 1.86e+000  -7.4 5.29e+003    -  7.39e-003 2.00e-002f  1
  43 1.6481534e+003 0.00e+000 1.56e+000  -7.4 4.65e+003    -  5.61e-002 7.54e-003f  1
  44 1.5757666e+003 0.00e+000 1.58e+000  -1.6 2.18e+003    -  2.14e-003 1.57e-002f  1
  45 1.5490575e+003 0.00e+000 1.52e+000  -7.5 7.52e+003    -  3.09e-002 2.63e-003f  1
  46 1.4047723e+003 0.00e+000 1.45e+000  -3.6 1.02e+003    -  1.61e-001 5.61e-002f  1
  47 1.3837337e+003 0.00e+000 1.40e+000  -7.6 2.64e+003    -  1.27e-001 6.67e-003f  1
  48 1.3611370e+003 0.00e+000 1.41e+000  -2.0 2.95e+003    -  1.63e-002 4.24e-003f  1
  49 1.3904741e+003 0.00e+000 1.39e+000   0.4 6.36e+004    -  3.70e-003 5.66e-004f  1
iter    objective    inf_pr   inf_du lg(mu)  ||d||  lg(rg) alpha_du alpha_pr  ls
  50 1.2937977e+003 0.00e+000 1.51e+000  -1.6 1.52e+003    -  2.17e-003 3.15e-002f  1
  51 1.2880639e+003 0.00e+000 1.41e+000  -7.5 2.63e+004    -  3.29e-002 3.04e-004f  1
  52 1.1098489e+003 0.00e+000 1.50e+000  -1.9 2.13e+003    -  1.60e-001 7.73e-002f  1
  53 1.1072006e+003 0.00e+000 1.25e+000  -7.5 5.49e+003    -  9.58e-002 3.62e-004f  1
  54 1.0382241e+003 0.00e+000 1.24e+000  -7.5 9.71e+002    -  9.71e-002 3.57e-002f  1
  55 9.4575584e+002 0.00e+000 1.15e+000  -2.3 2.33e+003    -  5.95e-002 4.72e-002f  1
  56 9.4448019e+002 0.00e+000 1.14e+000  -7.6 1.89e+003    -  2.79e-002 4.26e-004f  1
  57 8.3976878e+002 0.00e+000 1.33e+000  -2.5 2.55e+003    -  7.74e-002 4.12e-002f  1
  58 8.3668444e+002 0.00e+000 1.32e+000  -7.6 2.27e+003    -  5.94e-002 9.85e-004f  1
  59 8.1807574e+002 0.00e+000 1.24e+000  -7.7 2.30e+003    -  8.28e-003 8.14e-003f  1
iter    objective    inf_pr   inf_du lg(mu)  ||d||  lg(rg) alpha_du alpha_pr  ls
  60 8.1572032e+002 0.00e+000 1.25e+000  -2.1 2.26e+003    -  4.23e-003 9.32e-004f  1
  61 8.4775276e+002 0.00e+000 1.22e+000   0.3 7.93e+005    -  8.78e-004 3.63e-004f  2
  62 7.2295397e+002 0.00e+000 1.06e+000  -1.7 1.91e+003    -  4.75e-002 7.06e-002f  1
  63 7.0692591e+002 0.00e+000 9.91e-001  -7.6 4.86e+003    -  7.69e-002 5.63e-003f  1
  64 6.9357317e+002 0.00e+000 1.02e+000  -7.7 1.42e+003    -  5.91e-002 8.88e-003f  1
  65 6.8273910e+002 0.00e+000 1.06e+000  -7.7 6.28e+003    -  3.87e-002 2.91e-003f  1
  66 5.2923124e+002 0.00e+000 6.82e-001  -2.0 1.72e+003    -  8.20e-002 1.15e-001f  1
  67 5.5113689e+002 0.00e+000 8.26e-001   0.3 7.63e+004    -  2.78e-002 1.50e-002f  1
  68 4.6259323e+002 0.00e+000 7.91e-001  -1.2 2.84e+003    -  2.35e-002 6.60e-002f  1
  69 4.5689655e+002 0.00e+000 8.10e-001  -7.1 1.83e+003    -  2.02e-001 5.85e-003f  1
iter    objective    inf_pr   inf_du lg(mu)  ||d||  lg(rg) alpha_du alpha_pr  ls
  70 4.5183694e+002 0.00e+000 7.46e-001  -7.2 5.48e+003    -  8.55e-002 2.58e-003f  1
  71 5.2956564e+002 0.00e+000 6.08e-001   0.7 4.55e+003    -  2.30e-002 2.26e-002f  1
  72 3.9686543e+002 0.00e+000 2.88e-001  -0.8 3.25e+003    -  4.90e-001 1.25e-001f  1
  73 3.6647212e+002 0.00e+000 1.36e-001  -6.8 1.18e+003    -  4.62e-001 5.06e-002f  1
  74 3.0721389e+002 0.00e+000 1.65e-001  -7.0 2.36e+003    -  5.30e-002 9.47e-002f  1
  75 2.0405947e+002 0.00e+000 7.60e-002  -2.9 1.16e+003    -  1.32e-001 1.84e-001f  1
  76 1.2824405e+002 0.00e+000 1.82e-001  -1.6 6.06e+002    -  2.18e-001 4.51e-001f  1
  77 1.1246007e+002 0.00e+000 1.41e-001  -7.2 4.10e+003    -  3.47e-001 5.64e-002f  1
  78 9.0825497e+001 0.00e+000 2.39e-001  -1.4 4.56e+002    -  2.38e-001 6.90e-001f  1
  79 8.0378772e+001 0.00e+000 1.61e-001  -7.4 1.04e+003    -  2.36e-001 1.36e-001f  1
iter    objective    inf_pr   inf_du lg(mu)  ||d||  lg(rg) alpha_du alpha_pr  ls
  80 7.3495493e+001 0.00e+000 5.07e-002  -7.5 1.80e+003    -  1.35e-001 7.51e-002f  1
  81 7.1582441e+001 0.00e+000 1.48e-001  -3.4 1.32e+003    -  1.78e-001 4.98e-002f  1
  82 6.8949375e+001 0.00e+000 1.08e-001  -1.8 5.48e+002    -  4.48e-001 1.75e-001f  1
  83 6.5931811e+001 0.00e+000 6.14e-002  -7.7 9.47e+002    -  1.54e-002 6.58e-002f  1
  84 6.3595576e+001 0.00e+000 6.41e-002  -3.8 9.85e+002    -  7.36e-002 7.33e-002f  1
  85 5.7298131e+001 0.00e+000 1.48e-001  -3.2 4.88e+002    -  2.49e-001 3.76e-001f  1
  86 5.0552102e+001 0.00e+000 1.14e-001  -3.1 1.10e+003    -  5.88e-002 2.68e-001f  1
  87 4.8877940e+001 0.00e+000 6.99e-002  -2.7 1.40e+003    -  6.22e-002 1.15e-001f  1
  88 4.7984313e+001 0.00e+000 5.15e-002  -3.2 7.93e+002    -  8.55e-003 6.35e-002f  1
  89 4.7559830e+001 0.00e+000 4.75e-002  -7.9 1.27e+003    -  2.01e-001 9.51e-003f  1
iter    objective    inf_pr   inf_du lg(mu)  ||d||  lg(rg) alpha_du alpha_pr  ls
  90 4.5308359e+001 0.00e+000 7.21e-002  -3.7 2.86e+002    -  2.06e-001 2.41e-001f  1
  91 4.4378806e+001 0.00e+000 4.69e-002  -8.1 1.06e+003    -  8.96e-002 3.10e-002f  1
  92 4.3881754e+001 0.00e+000 5.93e-002  -2.8 1.25e+003    -  1.63e-001 1.87e-002f  1
  93 4.3485808e+001 0.00e+000 5.51e-002  -4.3 2.20e+003    -  1.61e-001 9.82e-003f  1
  94 4.2992747e+001 0.00e+000 3.74e-002  -2.6 4.14e+003    -  2.74e-002 6.49e-003f  1
  95 4.2199344e+001 0.00e+000 1.18e-001  -4.2 2.23e+003    -  5.16e-002 1.17e-001f  1
  96 4.0401816e+001 0.00e+000 6.77e-002  -2.9 5.19e+003    -  2.17e-002 2.77e-002f  1
  97 3.9324275e+001 0.00e+000 1.05e-001  -4.0 3.18e+003    -  1.62e-002 2.31e-002f  1
  98 3.7461111e+001 0.00e+000 9.75e-002  -3.1 2.00e+003    -  8.86e-002 4.53e-002f  1
  99 3.4409865e+001 0.00e+000 8.97e-002  -8.4 4.34e+003    -  1.02e-002 3.90e-002f  1
iter    objective    inf_pr   inf_du lg(mu)  ||d||  lg(rg) alpha_du alpha_pr  ls
 100 3.4322403e+001 0.00e+000 8.22e-002  -8.4 5.04e+003    -  1.39e-002 5.07e-004f  1
 101 3.3565156e+001 0.00e+000 9.14e-002  -8.4 8.59e+002    -  5.42e-002 2.56e-002f  1
 102 3.2817005e+001 0.00e+000 7.56e-002  -3.3 1.51e+003    -  2.19e-002 1.99e-002f  1
 103 3.2419534e+001 0.00e+000 7.30e-002  -3.5 3.11e+003    -  4.82e-002 5.30e-003f  1
 104 3.1126825e+001 0.00e+000 5.33e-002  -3.2 1.89e+003    -  4.74e-002 4.71e-002f  1
 105 2.9758563e+001 0.00e+000 1.39e-001  -4.5 2.58e+003    -  5.18e-002 3.31e-002f  1
 106 2.8572083e+001 0.00e+000 8.72e-002  -3.0 4.06e+003    -  6.85e-002 1.06e-002f  1
 107 2.7976457e+001 0.00e+000 1.89e-001  -3.1 3.18e+003    -  9.15e-002 1.75e-002f  1
 108 2.7507255e+001 0.00e+000 1.83e-001  -3.6 2.52e+003    -  6.41e-002 1.39e-002f  1
 109 2.6832581e+001 0.00e+000 1.56e-001  -8.5 2.59e+003    -  1.81e-002 1.55e-002f  1
iter    objective    inf_pr   inf_du lg(mu)  ||d||  lg(rg) alpha_du alpha_pr  ls
 110 2.6679494e+001 0.00e+000 1.56e-001  -2.2 6.94e+003    -  1.01e-003 2.27e-003f  4
 111 2.6410765e+001 0.00e+000 1.45e-001  -3.0 2.22e+002    -  1.73e-001 5.03e-002f  1
 112 2.5740264e+001 0.00e+000 9.04e-002  -2.8 1.34e+004    -  3.25e-002 4.75e-003f  1
 113 2.5018213e+001 0.00e+000 1.28e-001  -4.7 2.15e+003    -  2.51e-002 3.65e-002f  1
 114 2.4425106e+001 0.00e+000 5.76e-002  -8.6 2.89e+003    -  5.47e-002 2.59e-002f  2
 115 2.4267883e+001 0.00e+000 8.81e-002  -3.1 2.39e+003    -  3.21e-002 1.38e-002f  4
 116 2.4108849e+001 0.00e+000 8.80e-002  -8.6 3.41e+003    -  2.37e-002 2.50e-003f  1
 117 2.3832532e+001 0.00e+000 1.30e-001  -3.7 3.98e+003    -  3.75e-004 2.08e-002f  3
 118 2.3632622e+001 0.00e+000 1.21e-001  -8.6 1.02e+004    -  8.90e-004 1.14e-003f  1
 119 2.3629240e+001 0.00e+000 1.20e-001  -3.2 2.85e+003    -  6.28e-002 7.10e-005f  1
iter    objective    inf_pr   inf_du lg(mu)  ||d||  lg(rg) alpha_du alpha_pr  ls
 120 2.3006634e+001 0.00e+000 1.64e-001  -8.6 1.08e+004    -  1.31e-003 9.32e-003f  1
 121 2.2455670e+001 0.00e+000 1.46e-001  -3.0 6.40e+002    -  1.60e-001 3.14e-002f  1
 122 2.2341452e+001 0.00e+000 1.37e-001  -8.7 1.25e+004    -  4.50e-003 7.43e-004f  1
 123 2.2155146e+001 0.00e+000 1.32e-001  -3.7 6.12e+002    -  1.58e-001 1.57e-002f  1
 124 2.0572074e+001 0.00e+000 5.13e-002  -8.7 3.00e+004    -  1.73e-003 3.40e-003f  1
 125 2.0433448e+001 0.00e+000 4.82e-002  -4.4 2.66e+003    -  4.00e-002 3.39e-003f  1
 126 2.0262486e+001 0.00e+000 4.44e-002  -8.8 8.30e+003    -  7.09e-004 1.60e-003f  1
 127 2.0046194e+001 0.00e+000 1.58e-001  -3.5 4.85e+003    -  9.02e-003 1.25e-002f  2
 128 1.9183730e+001 0.00e+000 8.81e-002  -4.9 7.02e+003    -  1.74e-002 2.09e-002f  1
 129 1.8685583e+001 0.00e+000 1.03e-001  -4.1 3.00e+003    -  1.42e-002 9.05e-003f  1
iter    objective    inf_pr   inf_du lg(mu)  ||d||  lg(rg) alpha_du alpha_pr  ls
 130 1.8445450e+001 0.00e+000 9.72e-002  -4.1 6.51e+003    -  1.81e-002 1.52e-003f  1
 131 1.7638981e+001 0.00e+000 7.15e-002  -8.8 4.55e+003    -  3.95e-004 9.04e-003f  1
 132 1.7645643e+001 0.00e+000 6.70e-002  -2.5 1.49e+004    -  1.63e-003 5.06e-004f  5
 133 1.7269420e+001 0.00e+000 6.69e-002  -2.9 1.59e+003    -  3.08e-002 1.36e-002f  1
 134 1.6847538e+001 0.00e+000 2.49e-002  -3.7 2.59e+004    -  2.26e-003 1.80e-003f  1
 135 1.6837302e+001 0.00e+000 2.57e-002  -8.8 9.49e+002    -  3.20e-003 5.32e-004f  1
 136 1.5617324e+001 0.00e+000 1.40e-002  -4.0 8.16e+003    -  8.91e-003 1.33e-002f  1
 137 1.5403437e+001 0.00e+000 2.18e-002  -4.9 9.19e+003    -  7.60e-003 3.96e-003f  1
 138 1.5186438e+001 0.00e+000 2.66e-002  -3.1 1.59e+003    -  1.95e-003 1.11e-002f  1
 139 1.5069445e+001 0.00e+000 5.31e-002  -2.5 1.42e+004    -  1.59e-003 5.26e-003f  4
iter    objective    inf_pr   inf_du lg(mu)  ||d||  lg(rg) alpha_du alpha_pr  ls
 140 1.4707722e+001 0.00e+000 4.51e-002  -8.8 1.56e+003    -  2.34e-002 1.89e-002f  1
 141 1.4704811e+001 0.00e+000 6.93e-002  -8.8 2.89e+004    -  9.30e-004 2.62e-003f  1
 142 1.4693319e+001 0.00e+000 6.82e-002  -8.8 3.27e+003    -  4.04e-002 2.32e-004f  1
 143 1.4543331e+001 0.00e+000 7.95e-002  -3.3 9.60e+003    -  4.97e-003 1.42e-002f  1
 144 1.4364735e+001 0.00e+000 4.20e-002  -3.0 1.83e+003    -  4.24e-002 1.84e-002f  2
 145 1.3959147e+001 0.00e+000 5.27e-002  -8.8 2.52e+003    -  2.92e-002 1.68e-002f  1
 146 1.3747356e+001 0.00e+000 7.37e-002  -3.0 1.07e+004    -  1.91e-002 4.74e-003f  1
 147 1.3450076e+001 0.00e+000 7.03e-002  -4.0 1.19e+003    -  3.41e-002 2.51e-002f  1
 148 1.3325998e+001 0.00e+000 6.32e-002  -8.8 4.02e+003    -  3.36e-002 2.61e-003f  1
 149 1.3200844e+001 0.00e+000 3.74e-002  -8.9 4.00e+003    -  4.23e-003 3.31e-003f  1
iter    objective    inf_pr   inf_du lg(mu)  ||d||  lg(rg) alpha_du alpha_pr  ls
 150 1.2925825e+001 0.00e+000 8.29e-002  -3.3 2.63e+003    -  6.88e-002 3.79e-002f  1
 151 1.6102475e+001 0.00e+000 2.12e-002  -0.9 6.40e+004    -  2.78e-003 4.93e-003f  1
 152 1.5991334e+001 0.00e+000 3.59e-002  -2.9 1.02e+004    -  2.41e-002 2.69e-003f  2
 153 1.4295426e+001 0.00e+000 8.09e-002  -2.9 5.24e+002    -  1.46e-002 3.08e-001f  1
 154 1.3376775e+001 0.00e+000 1.49e-002  -2.9 8.04e+003    -  1.64e-002 9.68e-003f  1
 155 1.2973096e+001 0.00e+000 7.23e-002  -2.9 2.20e+003    -  1.06e-002 6.13e-002f  1
 156 1.2888017e+001 0.00e+000 7.64e-002  -2.9 1.22e+003    -  7.09e-002 5.11e-003f  1
 157 1.2807889e+001 0.00e+000 3.44e-002  -4.9 8.22e+003    -  1.87e-002 4.68e-003f  4
 158 1.2329119e+001 0.00e+000 2.03e-002  -4.7 1.17e+003    -  1.41e-001 1.42e-001f  1
 159 1.2154270e+001 0.00e+000 3.74e-002  -4.7 4.40e+003    -  1.40e-001 2.27e-002f  2
iter    objective    inf_pr   inf_du lg(mu)  ||d||  lg(rg) alpha_du alpha_pr  ls
 160 1.2152841e+001 0.00e+000 5.22e-002  -8.9 4.59e+003    -  1.97e-002 1.39e-002f  3
 161 1.1557266e+001 0.00e+000 5.78e-002  -4.0 9.17e+002    -  6.10e-002 8.27e-002f  1
 162 1.1322204e+001 0.00e+000 4.65e-002  -3.8 2.56e+003    -  5.55e-003 2.83e-002f  2
 163 1.1215120e+001 0.00e+000 5.31e-003  -5.0 1.39e+003    -  1.00e-001 3.11e-002f  1
 164 1.1185873e+001 0.00e+000 1.17e-002  -9.0 8.70e+002    -  1.50e-002 4.33e-003f  1
 165 1.0922432e+001 0.00e+000 4.12e-002  -3.2 1.13e+003    -  2.52e-002 6.07e-002f  2
 166 1.0891788e+001 0.00e+000 3.40e-002  -3.6 2.11e+003    -  1.29e-002 5.54e-003f  4
 167 1.0867861e+001 0.00e+000 9.13e-003  -4.5 1.95e+002    -  3.11e-002 1.79e-001f  1
 168 1.0844072e+001 0.00e+000 7.70e-003  -9.0 3.90e+002    -  1.68e-001 1.09e-002f  1
 169 1.0742962e+001 0.00e+000 2.02e-002  -3.1 1.16e+003    -  5.11e-002 7.46e-002f  2
iter    objective    inf_pr   inf_du lg(mu)  ||d||  lg(rg) alpha_du alpha_pr  ls
 170 1.0596023e+001 0.00e+000 2.58e-002  -9.1 2.69e+002    -  5.12e-002 9.32e-002f  1
 171 1.0587145e+001 0.00e+000 2.09e-002  -3.7 6.16e+002    -  1.13e-001 2.02e-003f  1
 172 1.0547340e+001 0.00e+000 3.87e-002  -4.3 4.20e+002    -  7.50e-002 5.51e-002f  1
 173 1.0477304e+001 0.00e+000 1.64e-002  -4.0 9.98e+002    -  6.95e-002 4.04e-002f  2
 174 1.0321742e+001 0.00e+000 1.74e-002  -4.0 7.61e+002    -  8.80e-002 4.13e-002f  1
 175 1.0263190e+001 0.00e+000 3.57e-003  -3.6 1.06e+003    -  1.92e-002 2.94e-002f  1
 176 1.0207637e+001 0.00e+000 4.17e-003  -4.8 1.73e+003    -  2.74e-002 8.18e-003f  1
 177 1.0198357e+001 0.00e+000 4.24e-003  -3.9 2.66e+002    -  7.06e-002 8.62e-003f  1
 178 1.0191755e+001 0.00e+000 2.82e-002  -3.6 2.56e+003    -  7.12e-002 1.17e-003f  1
 179 1.0053713e+001 0.00e+000 1.64e-002  -3.6 1.64e+002    -  3.11e-002 2.24e-001f  1
iter    objective    inf_pr   inf_du lg(mu)  ||d||  lg(rg) alpha_du alpha_pr  ls
 180 9.9733107e+000 0.00e+000 1.56e-002  -9.3 5.24e+003    -  8.66e-003 6.34e-003f  2
 181 9.8849663e+000 0.00e+000 1.60e-002  -5.2 8.35e+002    -  1.12e-001 3.01e-002f  1
 182 9.7401303e+000 0.00e+000 4.95e-003  -9.3 2.78e+003    -  1.39e-002 1.71e-002f  1
 183 9.6926012e+000 0.00e+000 4.70e-003  -5.4 8.65e+002    -  7.88e-002 7.46e-003f  1
 184 9.6501894e+000 0.00e+000 3.89e-003  -9.4 1.60e+003    -  2.17e-002 3.69e-003f  1
 185 1.1082781e+001 0.00e+000 1.67e-001  -1.4 1.38e+005    -  3.04e-003 2.10e-003f  1
 186 1.0587436e+001 0.00e+000 1.45e-001  -3.4 1.75e+003    -  2.64e-003 4.52e-002f  1
 187 1.0413981e+001 0.00e+000 1.49e-001  -3.4 1.05e+004    -  4.89e-003 4.67e-003f  1
 188 1.0349592e+001 0.00e+000 1.45e-001  -3.4 2.30e+003    -  1.92e-002 3.13e-002f  1
 189 1.0144478e+001 0.00e+000 9.05e-002  -3.4 2.27e+003    -  6.71e-002 2.21e-002f  3
iter    objective    inf_pr   inf_du lg(mu)  ||d||  lg(rg) alpha_du alpha_pr  ls
 190 9.9642554e+000 0.00e+000 8.50e-002  -3.4 9.79e+002    -  8.42e-003 1.59e-002f  1
 191 9.9411079e+000 0.00e+000 8.64e-002  -3.4 6.99e+003    -  2.32e-002 2.55e-004f  1
 192 9.7011549e+000 0.00e+000 3.87e-002  -3.4 3.81e+003    -  5.62e-003 1.48e-002f  1
 193 9.6175854e+000 0.00e+000 3.63e-002  -3.4 7.76e+002    -  5.25e-002 1.24e-002f  1
 194 9.2191829e+000 0.00e+000 2.24e-002  -4.7 1.12e+003    -  2.88e-002 5.41e-002f  1
 195 9.1608586e+000 0.00e+000 2.49e-002  -9.3 1.22e+004    -  1.39e-002 2.19e-003f  1
 196 9.0903932e+000 0.00e+000 2.08e-002  -3.3 1.62e+002    -  5.37e-001 5.29e-002f  1
 197 1.0689263e+001 0.00e+000 1.28e-001  -1.7 1.59e+004    -  3.31e-003 6.70e-003f  1
 198 1.0638410e+001 0.00e+000 1.00e-001  -3.3 1.49e+003    -  1.41e-002 2.15e-002f  2
 199 1.0604115e+001 0.00e+000 6.48e-002  -3.3 7.84e+002    -  6.18e-002 2.28e-002f  1
iter    objective    inf_pr   inf_du lg(mu)  ||d||  lg(rg) alpha_du alpha_pr  ls
 200 1.0023070e+001 0.00e+000 9.46e-002  -3.3 1.56e+003    -  1.82e-002 3.88e-002f  1
 201 9.3600184e+000 0.00e+000 4.14e-002  -3.3 1.08e+004    -  1.17e-002 2.36e-003f  1
 202 9.1698700e+000 0.00e+000 5.17e-002  -3.3 1.00e+003    -  1.82e-001 2.25e-002f  1
 203 9.0139808e+000 0.00e+000 2.18e-002  -3.3 2.29e+003    -  1.50e-002 1.02e-002f  2
 204 8.7210579e+000 0.00e+000 1.04e-002  -3.7 1.88e+003    -  2.78e-003 2.94e-002f  2
 205 8.5818412e+000 0.00e+000 4.30e-002  -4.7 1.05e+003    -  4.53e-002 6.54e-002f  1
 206 8.4031664e+000 0.00e+000 4.13e-002  -9.3 1.97e+003    -  3.27e-002 1.87e-002f  1
 207 8.4000844e+000 0.00e+000 4.12e-002  -9.3 2.06e+003    -  4.87e-002 1.72e-004f  1
 208 8.3840097e+000 0.00e+000 3.53e-002  -9.3 6.82e+003    -  7.86e-003 1.90e-004f  1
 209 8.3010817e+000 0.00e+000 5.29e-002  -3.1 3.08e+002    -  2.64e-002 4.59e-002f  2
iter    objective    inf_pr   inf_du lg(mu)  ||d||  lg(rg) alpha_du alpha_pr  ls
 210 8.2031630e+000 0.00e+000 4.89e-002  -3.3 1.88e+002    -  1.52e-001 9.60e-002f  1
 211 8.1286228e+000 0.00e+000 3.34e-002  -9.3 2.47e+003    -  1.43e-002 3.20e-003f  1
 212 8.0805283e+000 0.00e+000 3.04e-002  -9.3 2.03e+003    -  2.08e-002 4.51e-003f  1
 213 8.0445258e+000 0.00e+000 2.99e-002  -9.3 4.66e+002    -  1.23e-001 6.23e-002f  1
 214 8.0412404e+000 0.00e+000 2.95e-002  -9.4 5.82e+002    -  6.52e-002 1.42e-003f  1
 215 7.9738583e+000 0.00e+000 5.16e-002  -4.1 3.34e+003    -  7.58e-003 5.06e-003f  1
 216 7.8819790e+000 0.00e+000 1.41e-002  -3.9 9.92e+002    -  6.53e-002 2.19e-002f  2
 217 7.7914170e+000 0.00e+000 1.24e-002  -5.5 6.84e+002    -  5.93e-002 3.34e-002f  1
 218 9.4182407e+000 0.00e+000 6.51e-002  -1.4 2.47e+004    -  3.86e-003 6.25e-003f  1
 219 9.3651174e+000 0.00e+000 7.96e-002  -3.4 2.09e+003    -  2.83e-002 1.47e-002f  3
iter    objective    inf_pr   inf_du lg(mu)  ||d||  lg(rg) alpha_du alpha_pr  ls
 220 9.3480684e+000 0.00e+000 9.07e-002  -3.4 2.28e+003    -  8.64e-003 9.48e-003f  4
 221 9.1422822e+000 0.00e+000 9.36e-002  -3.4 9.01e+002    -  1.03e-001 1.45e-001f  1
 222 8.7446830e+000 0.00e+000 1.57e-002  -3.4 4.32e+003    -  4.33e-002 1.46e-002f  2
 223 8.3611205e+000 0.00e+000 3.97e-002  -3.4 9.37e+003    -  8.55e-003 6.80e-003f  1
 224 8.2417264e+000 0.00e+000 1.38e-002  -3.4 5.27e+002    -  1.17e-001 4.05e-002f  1
 225 8.2106761e+000 0.00e+000 4.07e-002  -3.4 5.89e+002    -  1.60e-002 2.60e-002f  1
 226 7.9130332e+000 0.00e+000 2.59e-002  -3.4 5.23e+002    -  7.76e-002 1.10e-001f  1
 227 7.7979599e+000 0.00e+000 3.08e-002  -3.4 8.21e+002    -  5.58e-002 3.61e-002f  1
 228 7.6122421e+000 0.00e+000 2.56e-002  -3.4 5.79e+003    -  1.71e-002 4.24e-003f  1
 229 7.5989155e+000 0.00e+000 2.65e-002  -3.8 1.12e+002    -  6.36e-002 5.10e-002f  3
iter    objective    inf_pr   inf_du lg(mu)  ||d||  lg(rg) alpha_du alpha_pr  ls
 230 7.5738893e+000 0.00e+000 2.72e-002  -5.2 8.91e+002    -  2.76e-002 3.66e-002f  2
 231 8.6154990e+000 0.00e+000 4.75e-002  -1.4 2.14e+004    -  4.16e-003 4.22e-003f  1
 232 8.4748154e+000 0.00e+000 5.13e-002  -3.3 2.32e+002    -  2.44e-001 4.89e-002f  1
 233 8.2963382e+000 0.00e+000 5.11e-002  -3.3 1.16e+003    -  1.53e-002 1.36e-002f  1
 234 8.1469179e+000 0.00e+000 4.47e-002  -3.3 5.44e+002    -  1.73e-002 1.86e-002f  1
 235 7.9355913e+000 0.00e+000 1.99e-002  -3.3 7.10e+002    -  3.25e-002 6.07e-002f  2
 236 7.8296320e+000 0.00e+000 5.68e-002  -3.3 2.62e+002    -  1.59e-001 4.60e-002f  1
 237 7.6743762e+000 0.00e+000 1.58e-002  -3.3 9.11e+002    -  4.65e-002 1.57e-002f  1
 238 7.5577246e+000 0.00e+000 1.20e-002  -3.3 2.32e+002    -  2.44e-002 4.24e-002f  1
 239 7.4927591e+000 0.00e+000 2.13e-002  -3.8 3.60e+002    -  3.65e-002 6.74e-002f  2
iter    objective    inf_pr   inf_du lg(mu)  ||d||  lg(rg) alpha_du alpha_pr  ls
 240 7.4436292e+000 0.00e+000 7.53e-003  -4.7 5.68e+002    -  6.21e-002 3.27e-002f  1
 241 7.4078770e+000 0.00e+000 7.68e-003  -9.3 1.43e+002    -  3.73e-001 4.73e-002f  1
 242 7.3994963e+000 0.00e+000 7.30e-003  -5.4 3.46e+002    -  9.22e-002 3.35e-003f  1
 243 7.3958996e+000 0.00e+000 3.01e-002  -4.0 8.16e+002    -  7.14e-002 9.14e-003f  3
 244 7.3727939e+000 0.00e+000 7.66e-003  -5.6 3.26e+002    -  6.53e-002 3.19e-002f  3
 245 7.3213692e+000 0.00e+000 1.50e-002  -5.5 5.69e+002    -  4.41e-002 2.41e-002f  1
 246 7.3078919e+000 0.00e+000 2.27e-002  -9.6 9.32e+002    -  1.89e-002 1.53e-002f  2
 247 7.2363560e+000 0.00e+000 1.32e-002  -4.1 2.67e+002    -  1.13e-001 5.03e-002f  1
 248 7.2173346e+000 0.00e+000 1.37e-002  -9.6 1.88e+003    -  5.13e-002 8.41e-003f  2
 249 7.2045170e+000 0.00e+000 1.43e-002  -4.0 4.97e+002    -  6.75e-002 2.21e-002f  1
iter    objective    inf_pr   inf_du lg(mu)  ||d||  lg(rg) alpha_du alpha_pr  ls
 250 7.1938266e+000 0.00e+000 2.04e-002  -9.7 2.29e+002    -  1.53e-001 1.31e-002f  1
 251 7.1863410e+000 0.00e+000 1.32e-002  -9.7 6.37e+002    -  1.34e-001 5.73e-003f  1
 252 9.1118830e+000 0.00e+000 2.91e-002  -1.8 3.22e+003    -  1.58e-002 3.85e-002f  1
 253 9.0788710e+000 0.00e+000 3.70e-002  -3.5 1.30e+003    -  9.34e-003 5.38e-003f  3
 254 7.4145100e+000 0.00e+000 1.65e-002  -3.5 1.28e+002    -  3.30e-001 6.42e-001f  1
 255 7.3881433e+000 0.00e+000 2.34e-002  -3.5 7.28e+002    -  1.34e-002 2.38e-002f  4
 256 7.3687282e+000 0.00e+000 1.16e-002  -3.5 4.84e+002    -  5.27e-002 2.00e-002f  2
 257 7.3610591e+000 0.00e+000 2.70e-002  -3.5 1.53e+002    -  2.56e-001 3.61e-002f  4
 258 7.3498709e+000 0.00e+000 9.60e-003  -3.5 3.98e+002    -  9.44e-002 1.09e-002f  4
 259 7.1889120e+000 0.00e+000 5.92e-003  -3.5 1.62e+002    -  5.62e-002 1.02e-001f  1
iter    objective    inf_pr   inf_du lg(mu)  ||d||  lg(rg) alpha_du alpha_pr  ls
 260 7.1556108e+000 0.00e+000 4.85e-003  -3.5 1.61e+003    -  5.98e-002 1.01e-002f  2
 261 7.1315777e+000 0.00e+000 1.54e-002  -9.4 1.17e+003    -  6.87e-002 2.41e-002f  3
 262 7.0846367e+000 0.00e+000 1.15e-002  -4.7 2.34e+002    -  5.88e-002 4.42e-002f  1
 263 7.0398340e+000 0.00e+000 6.17e-003  -4.3 7.05e+002    -  8.99e-002 1.91e-002f  1
 264 7.0149053e+000 0.00e+000 6.16e-003  -3.7 9.75e+002    -  1.04e-001 9.52e-003f  3
 265 7.0116470e+000 0.00e+000 3.17e-002  -9.5 1.06e+003    -  2.63e-002 9.87e-003f  3
 266 6.9836950e+000 0.00e+000 2.88e-002  -5.6 5.26e+002    -  9.63e-002 3.56e-002f  2
 267 6.9673805e+000 0.00e+000 2.54e-002  -9.6 1.84e+003    -  2.35e-002 5.20e-003f  1
 268 6.9267603e+000 0.00e+000 1.99e-002  -3.8 5.53e+001    -  8.32e-002 1.27e-001f  1
 269 6.9696234e+000 0.00e+000 1.93e-002  -1.6 3.16e+003    -  4.44e-003 4.66e-003f  1
iter    objective    inf_pr   inf_du lg(mu)  ||d||  lg(rg) alpha_du alpha_pr  ls
 270 6.9100639e+000 0.00e+000 2.00e-002  -3.5 9.32e+002    -  1.62e-002 4.17e-002f  3
 271 6.9050222e+000 0.00e+000 4.91e-003  -9.4 1.53e+003    -  4.47e-003 1.13e-002f  3
 272 6.8998441e+000 0.00e+000 1.51e-002  -4.8 4.51e+002    -  1.22e-001 2.11e-002f  4
 273 6.8948463e+000 0.00e+000 1.92e-002  -3.7 1.27e+003    -  1.67e-001 3.06e-003f  5
 274 6.8490895e+000 0.00e+000 2.97e-002  -3.8 2.64e+002    -  9.10e-002 9.43e-002f  2
 275 6.8333089e+000 0.00e+000 3.74e-002  -3.7 2.69e+003    -  2.60e-002 4.94e-003f  2
 276 6.8054506e+000 0.00e+000 3.28e-002  -4.3 8.11e+002    -  1.09e-001 7.78e-003f  1
 277 6.7784546e+000 0.00e+000 3.24e-002  -9.6 3.68e+003    -  4.24e-002 3.60e-003f  1
 278 6.7551394e+000 0.00e+000 1.79e-002  -4.3 8.95e+002    -  1.73e-001 1.61e-002f  2
 279 6.7442927e+000 0.00e+000 1.24e-002  -9.6 2.04e+002    -  6.37e-002 2.80e-002f  1
iter    objective    inf_pr   inf_du lg(mu)  ||d||  lg(rg) alpha_du alpha_pr  ls
 280 6.6990810e+000 0.00e+000 2.67e-002  -5.8 7.82e+001    -  2.66e-001 2.06e-001f  1
 281 6.6646797e+000 0.00e+000 1.02e-002  -9.8 5.75e+003    -  1.52e-003 2.27e-003f  2
 282 6.6462381e+000 0.00e+000 4.26e-003  -4.3 7.74e+001    -  6.73e-002 7.57e-002f  1
 283 6.6169040e+000 0.00e+000 7.91e-003  -9.8 6.74e+002    -  2.61e-002 1.90e-002f  1
 284 6.6069031e+000 0.00e+000 7.33e-003  -4.3 2.93e+002    -  4.32e-001 1.83e-002f  1
 285 6.6024141e+000 0.00e+000 4.34e-003  -3.6 3.88e+002    -  1.41e-001 4.51e-002f  4
 286 6.5975990e+000 0.00e+000 6.63e-003  -9.9 6.47e+002    -  5.90e-002 9.58e-003f  4
 287 6.5885119e+000 0.00e+000 2.98e-002  -9.9 2.54e+002    -  1.59e-001 1.03e-001f  1
 288 6.5735335e+000 0.00e+000 2.46e-002  -3.5 1.04e+003    -  5.44e-002 7.30e-003f  2
 289 6.5468117e+000 0.00e+000 1.44e-002  -4.2 8.77e+002    -  1.03e-001 1.89e-002f  2
iter    objective    inf_pr   inf_du lg(mu)  ||d||  lg(rg) alpha_du alpha_pr  ls
 290 6.5292062e+000 0.00e+000 3.01e-002  -9.9 2.45e+003    -  2.38e-003 4.84e-003f  4
 291 6.4894919e+000 0.00e+000 1.03e-002  -3.3 1.51e+003    -  3.57e-002 3.35e-002f  2
 292 6.4481681e+000 0.00e+000 3.71e-003  -9.9 3.51e+003    -  1.01e-003 3.94e-003f  3
 293 6.4445989e+000 0.00e+000 1.27e-002  -9.9 3.40e+002    -  4.41e-002 1.19e-002f  4
 294 6.4264588e+000 0.00e+000 2.40e-002  -9.9 4.94e+002    -  7.01e-002 1.35e-002f  2
 295 6.6941085e+000 0.00e+000 5.01e-002  -1.9 3.55e+003    -  3.71e-002 1.91e-002f  1
 296 6.6760073e+000 0.00e+000 3.85e-002  -3.4 1.10e+003    -  2.98e-002 9.19e-003f  4
 297 6.6641497e+000 0.00e+000 4.69e-002  -3.4 2.66e+002    -  1.01e-001 9.57e-003f  1
 298 6.5769976e+000 0.00e+000 2.78e-002  -3.4 3.06e+002    -  1.98e-001 5.19e-002f  1
 299 6.5264771e+000 0.00e+000 2.42e-002  -3.4 2.19e+002    -  1.72e-001 6.79e-002f  1
iter    objective    inf_pr   inf_du lg(mu)  ||d||  lg(rg) alpha_du alpha_pr  ls
 300 6.5010529e+000 0.00e+000 4.49e-003  -3.4 1.90e+003    -  7.18e-002 5.40e-003f  4
 301 6.4796480e+000 0.00e+000 3.51e-003  -3.4 1.88e+002    -  1.19e-002 1.64e-001f  2
 302 6.4344480e+000 0.00e+000 1.39e-002  -5.0 9.79e+002    -  4.12e-002 2.53e-002f  3
 303 6.4153519e+000 0.00e+000 8.03e-003  -5.0 1.31e+003    -  6.10e-002 1.14e-002f  3
 304 6.4075165e+000 0.00e+000 7.48e-003  -9.3 8.21e+002    -  7.02e-002 7.01e-003f  5
 305 6.3854562e+000 0.00e+000 8.12e-003  -3.9 5.29e+002    -  1.77e-001 3.24e-002f  3
 306 6.3779026e+000 0.00e+000 1.11e-002  -3.5 1.72e+003    -  1.38e-001 6.62e-003f  3
 307 6.3732909e+000 0.00e+000 6.26e-003  -4.5 1.58e+002    -  4.33e-001 2.39e-002f  4
 308 6.3417768e+000 0.00e+000 3.55e-003  -9.6 2.44e+002    -  3.49e-002 1.94e-002f  2
 309 6.3366058e+000 0.00e+000 1.42e-002  -9.7 1.07e+002    -  2.29e-001 1.38e-001f  1
iter    objective    inf_pr   inf_du lg(mu)  ||d||  lg(rg) alpha_du alpha_pr  ls
 310 6.3345158e+000 0.00e+000 5.31e-003  -3.5 1.31e+003    -  2.83e-002 1.08e-002f  3
 311 6.3323844e+000 0.00e+000 3.61e-003  -3.9 1.00e+002    -  4.08e-001 1.34e-002f  5
 312 6.3232432e+000 0.00e+000 6.57e-003  -9.8 1.41e+002    -  1.64e-001 6.38e-002f  2
 313 6.3211818e+000 0.00e+000 3.27e-003  -9.9 5.31e+002    -  3.16e-002 1.61e-002f  5
 314 6.3199810e+000 0.00e+000 2.11e-003  -5.0 1.93e+002    -  7.93e-002 7.09e-003f  7
 315 6.3125206e+000 0.00e+000 2.62e-003  -5.8 1.84e+001    -  5.85e-001 2.50e-001f  3
 316 6.3053134e+000 0.00e+000 5.58e-003 -10.3 1.17e+003    -  2.89e-002 6.55e-003f  3
 317 6.3020694e+000 0.00e+000 8.36e-004  -6.0 5.05e+003    -  1.73e-002 9.85e-004f  2
 318 6.3014597e+000 0.00e+000 1.79e-003 -10.3 5.64e+001    -  4.00e-001 1.33e-002f  1
 319 6.3005622e+000 0.00e+000 3.36e-003  -6.0 6.85e+002    -  7.95e-002 6.91e-003f  4
iter    objective    inf_pr   inf_du lg(mu)  ||d||  lg(rg) alpha_du alpha_pr  ls
 320 6.2994193e+000 0.00e+000 5.80e-004  -5.3 5.76e+002    -  2.13e-001 5.16e-003f  4
 321 6.2991326e+000 0.00e+000 2.65e-003 -10.7 1.08e+002    -  3.80e-001 1.01e-002f  4
 322 6.2968889e+000 0.00e+000 2.05e-003  -5.1 2.01e+001    -  4.89e-001 2.42e-001f  3
 323 6.2968018e+000 0.00e+000 5.82e-003  -5.9 2.17e+001    -  2.24e-001 1.76e-001f  3
 324 6.2958787e+000 0.00e+000 1.49e-003  -4.8 2.82e+002    -  1.98e-001 1.25e-002f  4
 325 6.2954494e+000 0.00e+000 2.82e-003  -4.7 8.02e+001    -  2.10e-001 8.61e-003f  6
 326 6.2950021e+000 0.00e+000 2.66e-003  -4.9 1.87e+002    -  1.84e-001 1.73e-002f  4
 327 6.2947969e+000 0.00e+000 9.78e-004  -4.2 4.82e+001    -  3.43e-001 1.56e-002f  7
 328 6.2936178e+000 0.00e+000 3.74e-003  -4.9 1.44e+001    -  5.77e-001 1.25e-001f  4
 329 6.2912204e+000 0.00e+000 2.59e-003  -4.7 3.69e+001    -  6.04e-001 9.64e-002f  1
iter    objective    inf_pr   inf_du lg(mu)  ||d||  lg(rg) alpha_du alpha_pr  ls
 330 6.2891184e+000 0.00e+000 2.15e-003 -10.7 3.38e+002    -  1.39e-002 5.02e-003f  3
 331 6.2888488e+000 0.00e+000 2.74e-003  -5.2 2.54e+001    -  8.33e-001 1.45e-001f  3
 332 6.2883440e+000 0.00e+000 9.40e-004  -4.5 1.49e+002    -  3.42e-001 9.00e-003f  4
 333 6.2878031e+000 0.00e+000 2.03e-003  -4.8 9.08e+001    -  3.07e-001 2.23e-002f  5
 334 6.2876358e+000 0.00e+000 8.67e-004  -5.6 2.78e+001    -  9.88e-001 2.05e-002f  2
 335 6.2872818e+000 0.00e+000 3.58e-003  -5.8 8.76e+000    -  9.55e-001 2.50e-001f  3
 336 6.2866950e+000 0.00e+000 8.24e-004  -5.2 5.53e+001    -  1.00e+000 3.33e-002f  4
 337 6.2862182e+000 0.00e+000 1.63e-003  -5.2 2.31e+002    -  4.92e-002 6.41e-003f  3
 338 6.2861782e+000 0.00e+000 2.39e-003  -4.8 7.16e+001    -  3.62e-001 3.79e-002f  3
 339 6.2858675e+000 0.00e+000 6.73e-004 -11.0 1.80e+002    -  5.26e-002 4.29e-003f  5
iter    objective    inf_pr   inf_du lg(mu)  ||d||  lg(rg) alpha_du alpha_pr  ls
 340 6.2850349e+000 0.00e+000 2.49e-003  -5.5 3.82e+000    -  8.27e-001 2.60e-001f  2
 341 6.2844649e+000 0.00e+000 4.46e-003  -4.6 2.56e+001    -  1.49e-001 7.61e-002f  3
 342 6.2834082e+000 0.00e+000 3.29e-003  -4.1 2.06e+002    -  4.07e-001 8.50e-003f  1
 343 6.2817942e+000 0.00e+000 5.37e-003  -5.1 7.23e+000    -  1.00e+000 1.81e-001f  3
 344 6.2733572e+000 0.00e+000 5.85e-003  -4.9 5.49e+001    -  5.17e-001 2.13e-001f  1
 345 6.2723495e+000 0.00e+000 5.19e-003  -3.6 2.26e+002    -  7.19e-002 1.53e-002f  1
 346 6.2644156e+000 0.00e+000 3.04e-003 -10.5 2.92e+002    -  5.47e-002 1.98e-002f  1
 347 6.3823119e+000 0.00e+000 2.23e-002  -2.5 2.94e+003    -  1.85e-002 7.64e-003f  2
 348 6.3581444e+000 0.00e+000 2.15e-002  -4.2 8.79e+002    -  2.45e-002 1.89e-002f  1
 349 6.3222918e+000 0.00e+000 3.41e-002  -4.2 1.51e+003    -  5.09e-002 1.98e-002f  2
iter    objective    inf_pr   inf_du lg(mu)  ||d||  lg(rg) alpha_du alpha_pr  ls
 350 6.3098445e+000 0.00e+000 2.87e-002  -4.2 3.20e+003    -  1.09e-002 2.34e-003f  3
 351 6.2814988e+000 0.00e+000 1.88e-002  -4.2 1.62e+003    -  6.54e-002 2.43e-002f  1
 352 6.2577507e+000 0.00e+000 2.62e-002  -4.2 2.36e+003    -  2.57e-002 4.67e-003f  1
 353 6.2504736e+000 0.00e+000 1.56e-002  -4.1 3.67e+002    -  5.64e-002 1.67e-002f  3
 354 6.1971857e+000 0.00e+000 8.96e-003 -10.1 2.37e+003    -  5.72e-003 4.03e-003f  1
 355 6.2147192e+000 0.00e+000 8.36e-003  -2.1 1.50e+003    -  4.44e-003 3.49e-003f  1
 356 6.2075274e+000 0.00e+000 1.34e-002  -4.0 4.85e+002    -  3.36e-002 7.58e-003f  4
 357 6.2060197e+000 0.00e+000 7.96e-003  -4.0 9.93e+001    -  7.65e-002 7.75e-002f  3
 358 6.1855309e+000 0.00e+000 1.25e-002  -4.0 2.77e+002    -  9.45e-003 4.70e-002f  1
 359 6.1791800e+000 0.00e+000 1.17e-002 -10.0 1.91e+001    -  4.72e-001 5.35e-002f  1
iter    objective    inf_pr   inf_du lg(mu)  ||d||  lg(rg) alpha_du alpha_pr  ls
 360 6.1773279e+000 0.00e+000 1.04e-002 -10.2 2.26e+002    -  5.75e-002 5.58e-003f  2
 361 6.1743467e+000 0.00e+000 8.17e-003  -4.9 3.89e+002    -  1.18e-001 5.60e-003f  1
 362 6.1700069e+000 0.00e+000 1.74e-002  -3.7 1.31e+003    -  6.95e-002 1.16e-002f  3
 363 6.1544871e+000 0.00e+000 7.26e-003  -3.7 3.26e+002    -  1.75e-001 6.28e-002f  1
 364 6.1498613e+000 0.00e+000 6.00e-003  -4.4 1.62e+003    -  2.60e-002 1.17e-002f  1
 365 6.1469710e+000 0.00e+000 1.04e-002  -5.4 5.96e+002    -  7.17e-002 1.24e-002f  3
 366 6.1399150e+000 0.00e+000 3.31e-003  -4.8 7.35e+002    -  1.23e-002 1.54e-002f  1
 367 6.1284728e+000 0.00e+000 3.87e-003  -4.5 1.17e+002    -  3.68e-001 4.93e-002f  1
 368 6.1271505e+000 0.00e+000 2.75e-002  -5.6 1.25e+003    -  1.97e-002 7.76e-003f  2
 369 6.1175357e+000 0.00e+000 1.95e-002  -3.5 8.01e+001    -  1.47e-001 7.34e-002f  1
iter    objective    inf_pr   inf_du lg(mu)  ||d||  lg(rg) alpha_du alpha_pr  ls
 370 6.1353325e+000 0.00e+000 1.55e-002  -2.0 1.83e+003    -  1.50e-002 1.16e-002f  1
 371 6.1321681e+000 0.00e+000 1.87e-002  -3.7 1.79e+003    -  5.29e-002 8.96e-003f  1
 372 6.1301078e+000 0.00e+000 3.82e-003  -3.7 2.38e+001    -  7.44e-001 1.07e-001f  2
 373 6.1274329e+000 0.00e+000 3.64e-003  -3.7 4.90e+001    -  2.36e-001 2.49e-001f  3
 374 6.1062629e+000 0.00e+000 3.35e-003  -3.7 7.09e+001    -  5.43e-001 1.40e-001f  1
 375 6.0924167e+000 0.00e+000 1.97e-003  -9.7 1.26e+003    -  4.21e-002 4.69e-003f  4
 376 6.0879299e+000 0.00e+000 9.43e-003  -4.4 1.67e+002    -  3.93e-001 3.70e-002f  3
 377 6.0806079e+000 0.00e+000 7.40e-003  -4.7 7.66e+002    -  1.47e-001 7.27e-003f  1
 378 6.0715106e+000 0.00e+000 1.71e-002  -4.3 7.94e+002    -  1.40e-001 3.21e-002f  3
 379 7.6680211e+000 0.00e+000 9.39e-002  -1.9 5.27e+003    -  2.30e-002 2.36e-002f  1
iter    objective    inf_pr   inf_du lg(mu)  ||d||  lg(rg) alpha_du alpha_pr  ls
 380 7.6185276e+000 0.00e+000 7.94e-002  -3.5 2.20e+002    -  2.03e-001 2.70e-002f  3
 381 6.7621488e+000 0.00e+000 6.73e-002  -3.5 2.56e+002    -  5.50e-002 2.56e-001f  1
 382 6.6908383e+000 0.00e+000 6.40e-002  -3.5 3.97e+003    -  8.25e-003 8.66e-004f  1
 383 6.6312454e+000 0.00e+000 1.78e-002  -3.5 1.15e+003    -  1.66e-002 6.83e-003f  4
 384 6.4399678e+000 0.00e+000 9.93e-003  -3.5 1.75e+002    -  5.33e-002 9.97e-002f  1
 385 6.3599760e+000 0.00e+000 6.19e-003  -3.5 2.27e+002    -  2.46e-001 4.56e-002f  1
 386 6.2594385e+000 0.00e+000 4.97e-003  -3.5 1.22e+002    -  2.41e-001 1.29e-001f  1
 387 6.2540495e+000 0.00e+000 1.09e-002  -3.5 2.47e+003    -  6.37e-002 9.78e-003f  1
 388 6.1529624e+000 0.00e+000 2.24e-002  -3.5 7.80e+001    -  2.65e-001 2.69e-001f  1
 389 6.1061781e+000 0.00e+000 1.09e-002  -3.5 2.13e+003    -  4.79e-002 7.82e-003f  3
iter    objective    inf_pr   inf_du lg(mu)  ||d||  lg(rg) alpha_du alpha_pr  ls
 390 6.0700789e+000 0.00e+000 1.25e-002  -3.5 3.12e+002    -  2.78e-001 5.00e-002f  2
 391 6.0661746e+000 0.00e+000 1.46e-002  -4.2 8.82e+002    -  2.44e-001 2.85e-003f  4
 392 6.0564329e+000 0.00e+000 2.39e-002  -9.6 5.42e+001    -  1.78e-001 2.50e-001f  3
 393 6.0521527e+000 0.00e+000 1.84e-002  -9.7 1.39e+002    -  1.80e-001 1.31e-001f  1
 394 6.0121751e+000 0.00e+000 9.18e-003  -9.7 3.93e+002    -  1.67e-002 8.43e-002f  1
 395 5.9958274e+000 0.00e+000 7.52e-003  -4.5 9.58e+002    -  1.52e-001 1.35e-002f  4
 396 5.9765535e+000 0.00e+000 6.16e-003  -9.8 7.24e+002    -  1.23e-001 3.50e-002f  2
 397 5.9699929e+000 0.00e+000 9.10e-003  -5.0 1.52e+003    -  1.90e-001 2.99e-003f  1
 398 5.9688576e+000 0.00e+000 1.06e-002  -4.3 1.76e+003    -  4.88e-002 2.77e-003f  5
 399 5.9624784e+000 0.00e+000 1.08e-002  -4.4 1.19e+002    -  1.48e-001 2.86e-002f  4
iter    objective    inf_pr   inf_du lg(mu)  ||d||  lg(rg) alpha_du alpha_pr  ls
 400 5.9488534e+000 0.00e+000 9.98e-003  -5.0 9.69e+001    -  1.56e-001 9.24e-002f  2
 401 5.9451030e+000 0.00e+000 6.09e-003 -10.0 3.52e+002    -  6.06e-003 5.50e-002f  3
 402 5.9734310e+000 0.00e+000 1.28e-002  -2.0 3.60e+004    -  2.81e-003 3.21e-004f  2
 403 5.9547744e+000 0.00e+000 5.18e-003  -4.0 4.11e+001    -  1.12e-001 1.44e-001f  2
 404 5.9478701e+000 0.00e+000 2.34e-003  -4.0 2.04e+002    -  4.55e-001 6.18e-002f  2
 405 5.9471475e+000 0.00e+000 8.92e-003  -4.0 5.78e+002    -  9.48e-002 3.59e-003f  5
 406 5.9371141e+000 0.00e+000 1.79e-003  -4.0 1.71e+002    -  1.79e-002 1.58e-001f  1
 407 5.9354278e+000 0.00e+000 2.73e-003  -6.1 2.78e+002    -  1.46e-001 9.56e-003f  4
 408 5.9313439e+000 0.00e+000 2.20e-003  -4.5 7.46e+001    -  3.11e-001 6.10e-002f  2
 409 5.9265200e+000 0.00e+000 2.44e-003 -10.2 2.86e+002    -  1.65e-001 1.64e-002f  1
iter    objective    inf_pr   inf_du lg(mu)  ||d||  lg(rg) alpha_du alpha_pr  ls
 410 5.9239302e+000 0.00e+000 8.24e-003 -10.2 6.63e+002    -  2.10e-002 1.94e-002f  4
 411 5.9213397e+000 0.00e+000 1.29e-002  -5.6 1.52e+003    -  6.78e-002 4.72e-003f  5
 412 5.9202318e+000 0.00e+000 1.25e-002 -10.3 8.77e+002    -  7.29e-002 1.07e-003f  1
 413 5.9199868e+000 0.00e+000 1.39e-002  -3.7 2.27e+003    -  6.58e-002 1.94e-003f  4
 414 5.9169852e+000 0.00e+000 1.33e-002  -4.9 2.38e+002    -  1.58e-001 1.72e-002f  4
 415 5.9149726e+000 0.00e+000 1.22e-002 -10.3 1.10e+002    -  6.52e-002 3.59e-002f  3
 416 5.9112048e+000 0.00e+000 7.87e-003  -4.0 1.77e+002    -  8.81e-001 3.36e-002f  1
 417 5.9091101e+000 0.00e+000 4.84e-003 -10.1 1.34e+003    -  9.95e-002 9.65e-003f  3
 418 5.9086458e+000 0.00e+000 9.45e-003 -10.1 3.27e+002    -  1.45e-001 2.43e-002f  4
 419 5.9004643e+000 0.00e+000 1.05e-002  -3.9 2.82e+002    -  3.75e-001 7.20e-002f  2
iter    objective    inf_pr   inf_du lg(mu)  ||d||  lg(rg) alpha_du alpha_pr  ls
 420 5.9002041e+000 0.00e+000 1.16e-002 -10.1 1.04e+003    -  4.56e-002 2.72e-003f  4
 421 6.1387562e+000 0.00e+000 2.19e-002  -2.1 1.42e+003    -  8.95e-002 5.47e-002f  1
 422 6.1403691e+000 0.00e+000 1.44e-002  -3.2 6.82e+002    -  7.91e-002 7.98e-003f  5
 423 6.1073761e+000 0.00e+000 1.22e-002  -3.2 1.77e+002    -  3.57e-001 3.82e-001f  1
 424 6.0398102e+000 0.00e+000 2.14e-002  -3.2 1.81e+003    -  7.72e-002 2.48e-002f  3
 425 6.0132454e+000 0.00e+000 1.06e-002  -3.2 2.79e+002    -  1.88e-001 5.05e-002f  2
 426 6.0028693e+000 0.00e+000 1.57e-002  -3.2 2.41e+002    -  3.00e-003 1.77e-002f  3
 427 5.9999763e+000 0.00e+000 3.25e-002  -3.2 2.14e+001    -  1.00e+000 2.89e-001f  2
 428 5.9456886e+000 0.00e+000 1.90e-002  -3.2 3.33e+002    -  1.46e-001 1.11e-001f  2
 429 5.9430740e+000 0.00e+000 1.59e-002  -3.2 2.89e+002    -  2.03e-001 1.02e-002f  6
iter    objective    inf_pr   inf_du lg(mu)  ||d||  lg(rg) alpha_du alpha_pr  ls
 430 5.9294200e+000 0.00e+000 8.33e-003  -3.2 2.48e+001    -  4.48e-001 5.00e-001f  2
 431 5.9245821e+000 0.00e+000 5.89e-003  -3.2 1.87e+002    -  3.39e-001 1.71e-002f  1
 432 5.9156835e+000 0.00e+000 9.27e-003  -4.8 4.28e+002    -  9.03e-002 2.66e-002f  3
 433 5.9153349e+000 0.00e+000 1.20e-002  -4.8 1.69e+002    -  2.04e-001 1.89e-002f  3
 434 5.9129004e+000 0.00e+000 8.59e-003  -4.8 5.42e+001    -  5.36e-001 1.06e-001f  2
 435 5.9080143e+000 0.00e+000 5.26e-003  -4.8 2.53e+002    -  7.62e-002 1.90e-002f  3
 436 5.8984618e+000 0.00e+000 5.87e-003  -4.8 2.63e+001    -  5.61e-001 2.23e-001f  1
 437 5.8976961e+000 0.00e+000 7.86e-003  -4.1 2.68e+002    -  3.43e-001 3.47e-002f  2
 438 6.1288221e+000 0.00e+000 1.85e-002  -2.0 2.22e+003    -  9.05e-002 2.30e-002f  1
 439 6.1315470e+000 0.00e+000 3.12e-002  -3.1 2.35e+002    -  5.02e-001 8.31e-002f  3
iter    objective    inf_pr   inf_du lg(mu)  ||d||  lg(rg) alpha_du alpha_pr  ls
 440 6.0898415e+000 0.00e+000 3.00e-002  -3.1 3.19e+002    -  6.52e-002 2.07e-001f  1
 441 6.0797027e+000 0.00e+000 2.91e-002  -3.1 1.53e+003    -  9.13e-002 1.39e-002f  2
 442 6.0260546e+000 0.00e+000 1.43e-002  -3.1 6.59e+002    -  2.14e-001 4.86e-002f  2
 443 6.0041385e+000 0.00e+000 2.51e-002  -3.1 2.00e+003    -  4.28e-002 8.95e-003f  3
 444 6.0021168e+000 0.00e+000 2.48e-002  -3.1 3.51e+002    -  4.62e-002 3.48e-002f  4
 445 5.9790155e+000 0.00e+000 1.93e-002  -3.1 4.24e+002    -  7.20e-001 2.46e-002f  1
 446 5.9783259e+000 0.00e+000 2.47e-002  -3.1 9.05e+002    -  9.57e-002 1.37e-002f  4
 447 5.9716930e+000 0.00e+000 1.97e-002  -3.1 7.13e+001    -  1.39e-001 3.58e-002f  3
 448 5.9554911e+000 0.00e+000 9.92e-003  -3.1 8.84e+001    -  5.81e-001 1.87e-001f  2
 449 5.9100753e+000 0.00e+000 4.98e-003  -3.1 2.25e+001    -  1.00e+000 4.41e-001f  1
iter    objective    inf_pr   inf_du lg(mu)  ||d||  lg(rg) alpha_du alpha_pr  ls
 450 5.9065947e+000 0.00e+000 1.29e-002  -4.7 9.76e+001    -  2.01e-001 3.71e-002f  4
 451 5.9045435e+000 0.00e+000 1.13e-002  -4.7 2.87e+001    -  5.71e-001 5.00e-001f  2
 452 5.8978149e+000 0.00e+000 1.40e-002  -4.7 5.72e+001    -  3.19e-001 2.15e-001f  1
 453 5.8897465e+000 0.00e+000 1.12e-002  -4.7 1.83e+001    -  4.81e-002 2.50e-001f  3
 454 5.8835967e+000 0.00e+000 1.38e-002  -4.4 6.66e+001    -  1.45e-001 2.94e-002f  5
 455 5.8641988e+000 0.00e+000 1.97e-003  -3.8 1.21e+002    -  1.47e-001 1.17e-001f  2
 456 5.8461709e+000 0.00e+000 5.10e-003  -4.3 2.07e+002    -  2.48e-001 4.11e-002f  2
 457 5.8453773e+000 0.00e+000 6.81e-003  -9.9 1.43e+002    -  7.86e-002 7.67e-003f  6
 458 5.8382724e+000 0.00e+000 6.33e-003  -4.5 2.16e+001    -  9.22e-001 2.99e-001f  1
 459 6.1454937e+000 0.00e+000 2.15e-002  -2.4 9.99e+002    -  8.00e-003 3.26e-002f  1
iter    objective    inf_pr   inf_du lg(mu)  ||d||  lg(rg) alpha_du alpha_pr  ls
 460 6.0837403e+000 0.00e+000 1.76e-002  -4.2 7.59e+001    -  1.47e-002 9.51e-002f  1
 461 6.0717781e+000 0.00e+000 1.51e-002  -4.2 2.22e+002    -  2.64e-001 2.90e-002f  4
 462 6.0286464e+000 0.00e+000 1.40e-002  -4.2 5.20e+002    -  2.20e-001 4.30e-002f  1
 463 5.8876170e+000 0.00e+000 1.94e-002  -4.2 5.71e+002    -  2.11e-001 9.43e-002f  1
 464 5.8493498e+000 0.00e+000 1.37e-002  -4.2 4.27e+002    -  3.11e-002 1.74e-002f  1
 465 5.8382109e+000 0.00e+000 4.64e-003  -4.2 5.26e+001    -  1.84e-002 3.16e-002f  1
 466 5.8052636e+000 0.00e+000 6.47e-003  -4.4 1.40e+001    -  1.50e-001 1.00e+000f  1
 467 5.8007126e+000 0.00e+000 1.66e-003 -10.2 5.36e+001    -  2.30e-001 4.93e-002f  1
 468 5.8004243e+000 0.00e+000 1.08e-003 -10.3 7.34e+001    -  2.46e-001 2.71e-003f  1
 469 5.7955980e+000 0.00e+000 4.33e-003  -6.5 3.33e+001    -  4.40e-001 1.53e-001f  1
iter    objective    inf_pr   inf_du lg(mu)  ||d||  lg(rg) alpha_du alpha_pr  ls
 470 5.7929536e+000 0.00e+000 3.70e-003  -6.0 2.37e+002    -  1.49e-001 8.82e-003f  1
 471 5.8785232e+000 0.00e+000 2.68e-002  -2.7 1.60e+003    -  2.45e-002 7.34e-003f  1
 472 5.8571135e+000 0.00e+000 2.57e-002  -4.3 5.75e+001    -  2.48e-001 1.22e-001f  1
 473 5.8498217e+000 0.00e+000 2.56e-002  -4.3 4.73e+002    -  5.68e-002 1.50e-002f  1
 474 5.8366095e+000 0.00e+000 2.38e-002  -4.3 1.24e+002    -  1.08e-001 3.72e-002f  2
 475 5.8327834e+000 0.00e+000 1.65e-002  -4.3 6.43e+001    -  9.25e-002 1.34e-002f  1
 476 5.7904892e+000 0.00e+000 3.97e-003  -4.3 1.12e+001    -  5.02e-002 8.97e-001f  1
 477 5.7847897e+000 0.00e+000 2.22e-003  -6.4 1.03e+002    -  2.92e-001 1.39e-002f  1
 478 5.7846429e+000 0.00e+000 6.25e-003 -10.4 2.28e+001    -  5.89e-001 1.21e-001f  1
 479 5.7838879e+000 0.00e+000 6.98e-003  -4.4 8.50e+000    -  4.83e-001 4.17e-001f  1
iter    objective    inf_pr   inf_du lg(mu)  ||d||  lg(rg) alpha_du alpha_pr  ls
 480 5.7908662e+000 0.00e+000 1.20e-002  -2.6 1.27e+003    -  9.92e-002 3.00e-003f  1
 481 5.7882620e+000 0.00e+000 7.24e-003  -3.6 5.75e+001    -  4.45e-001 1.25e-001f  4
 482 5.7867575e+000 0.00e+000 1.32e-002  -3.6 5.25e+000    -  5.96e-001 5.00e-001f  2
 483 5.7843733e+000 0.00e+000 4.09e-003  -3.6 1.99e+001    -  2.05e-001 6.20e-002f  4
 484 5.7837572e+000 0.00e+000 1.76e-003  -3.6 1.13e+001    -  9.13e-001 1.23e-001f  2
 485 5.7782436e+000 0.00e+000 6.81e-004  -9.6 4.78e+000    -  7.33e-001 1.00e+000f  1
 486 5.7777478e+000 0.00e+000 1.27e-003  -6.1 3.24e+001    -  2.28e-001 4.59e-002f  4
 487 5.7767552e+000 0.00e+000 5.79e-003 -10.3 4.46e+000    -  3.83e-001 7.30e-001f  1
 488 5.8863325e+000 0.00e+000 2.51e-002  -2.5 6.55e+002    -  1.27e-002 1.93e-002f  1
 489 5.8836147e+000 0.00e+000 2.82e-002  -4.3 2.84e+001    -  8.77e-003 1.75e-001f  3
iter    objective    inf_pr   inf_du lg(mu)  ||d||  lg(rg) alpha_du alpha_pr  ls
 490 5.8811040e+000 0.00e+000 3.09e-002  -4.3 3.98e+001    -  1.93e-001 5.26e-002f  2
 491 5.8279834e+000 0.00e+000 2.34e-002  -4.3 3.75e+001    -  3.36e-001 7.01e-002f  1
 492 5.8082121e+000 0.00e+000 1.88e-002  -4.3 4.52e+001    -  4.79e-001 6.85e-002f  1
 493 5.7825685e+000 0.00e+000 7.88e-003  -4.3 8.53e+000    -  7.38e-001 4.36e-001f  1
 494 5.7657735e+000 0.00e+000 1.83e-003  -4.3 3.02e+001    -  5.63e-001 5.83e-002f  3
 495 5.7648588e+000 0.00e+000 3.49e-003 -10.3 1.22e+001    -  5.00e-001 3.12e-001f  2
 496 5.7681395e+000 0.00e+000 7.45e-003  -2.6 9.62e+002    -  1.80e-002 2.32e-003f  1
 497 5.7637401e+000 0.00e+000 2.09e-003  -4.2 2.33e+001    -  5.57e-001 1.38e-001f  2
 498 5.7619083e+000 0.00e+000 5.63e-003  -4.4 1.26e+001    -  9.19e-001 9.95e-002f  1
 499 5.8491138e+000 0.00e+000 1.82e-002  -2.4 1.15e+003    -  2.17e-002 1.48e-002f  1
iter    objective    inf_pr   inf_du lg(mu)  ||d||  lg(rg) alpha_du alpha_pr  ls
 500 5.8315015e+000 0.00e+000 1.48e-002  -4.0 6.95e+001    -  1.81e-002 1.46e-001f  3

Number of Iterations....: 500

                                   (scaled)                 (unscaled)
Objective...............:  5.8315015447818332e+000   5.8315015447818332e+000
Dual infeasibility......:  1.4849494953713219e-002   1.4849494953713219e-002
Constraint violation....:  0.0000000000000000e+000   0.0000000000000000e+000
Complementarity.........:  6.1797103075320898e-003   6.1797103075320898e-003
Overall NLP error.......:  1.4849494953713219e-002   1.4849494953713219e-002


Number of objective function evaluations             = 1638
Number of objective gradient evaluations             = 501
Number of equality constraint evaluations            = 0
Number of inequality constraint evaluations          = 0
Number of equality constraint Jacobian evaluations   = 0
Number of inequality constraint Jacobian evaluations = 0
Number of Lagrangian Hessian evaluations             = 0
Total CPU secs in IPOPT (w/o function evaluations)   =      8.657
Total CPU secs in NLP function evaluations           =    982.383

EXIT: Maximum Number of Iterations Exceeded.
